ERROR - 2022-11-03 23:39:06 --> mysqli_sql_exception: Duplicate entry '4' for key 'PRIMARY' in C:\xampp\htdocs\codeigniter4-CodeIgniter4-proyecto-grupal\system\Database\MySQLi\Connection.php:292
Stack trace:
#0 C:\xampp\htdocs\codeigniter4-CodeIgniter4-proyecto-grupal\system\Database\MySQLi\Connection.php(292): mysqli->query('INSERT INTO `pr...', 0)
#1 C:\xampp\htdocs\codeigniter4-CodeIgniter4-proyecto-grupal\system\Database\BaseConnection.php(693): CodeIgniter\Database\MySQLi\Connection->execute('INSERT INTO `pr...')
#2 C:\xampp\htdocs\codeigniter4-CodeIgniter4-proyecto-grupal\system\Database\BaseConnection.php(620): CodeIgniter\Database\BaseConnection->simpleQuery('INSERT INTO `pr...')
#3 C:\xampp\htdocs\codeigniter4-CodeIgniter4-proyecto-grupal\system\Database\BaseBuilder.php(1916): CodeIgniter\Database\BaseConnection->query('INSERT INTO `pr...', Array, false)
#4 C:\xampp\htdocs\codeigniter4-CodeIgniter4-proyecto-grupal\system\Model.php(278): CodeIgniter\Database\BaseBuilder->insert()
#5 C:\xampp\htdocs\codeigniter4-CodeIgniter4-proyecto-grupal\system\BaseModel.php(738): CodeIgniter\Model->doInsert(Array)
#6 C:\xampp\htdocs\codeigniter4-CodeIgniter4-proyecto-grupal\system\Model.php(666): CodeIgniter\BaseModel->insert(Array, true)
#7 C:\xampp\htdocs\codeigniter4-CodeIgniter4-proyecto-grupal\app\Controllers\Productos.php(35): CodeIgniter\Model->insert(Array)
#8 C:\xampp\htdocs\codeigniter4-CodeIgniter4-proyecto-grupal\system\CodeIgniter.php(898): App\Controllers\Productos->agregar_productos()
#9 C:\xampp\htdocs\codeigniter4-CodeIgniter4-proyecto-grupal\system\CodeIgniter.php(457): CodeIgniter\CodeIgniter->runController(Object(App\Controllers\Productos))
#10 C:\xampp\htdocs\codeigniter4-CodeIgniter4-proyecto-grupal\system\CodeIgniter.php(340): CodeIgniter\CodeIgniter->handleRequest(NULL, Object(Config\Cache), false)
#11 C:\xampp\htdocs\codeigniter4-CodeIgniter4-proyecto-grupal\public\index.php(67): CodeIgniter\CodeIgniter->run()
#12 {main}
ERROR - 2022-11-03 23:39:08 --> mysqli_sql_exception: Duplicate entry '3' for key 'PRIMARY' in C:\xampp\htdocs\codeigniter4-CodeIgniter4-proyecto-grupal\system\Database\MySQLi\Connection.php:292
Stack trace:
#0 C:\xampp\htdocs\codeigniter4-CodeIgniter4-proyecto-grupal\system\Database\MySQLi\Connection.php(292): mysqli->query('INSERT INTO `pr...', 0)
#1 C:\xampp\htdocs\codeigniter4-CodeIgniter4-proyecto-grupal\system\Database\BaseConnection.php(693): CodeIgniter\Database\MySQLi\Connection->execute('INSERT INTO `pr...')
#2 C:\xampp\htdocs\codeigniter4-CodeIgniter4-proyecto-grupal\system\Database\BaseConnection.php(620): CodeIgniter\Database\BaseConnection->simpleQuery('INSERT INTO `pr...')
#3 C:\xampp\htdocs\codeigniter4-CodeIgniter4-proyecto-grupal\system\Database\BaseBuilder.php(1916): CodeIgniter\Database\BaseConnection->query('INSERT INTO `pr...', Array, false)
#4 C:\xampp\htdocs\codeigniter4-CodeIgniter4-proyecto-grupal\system\Model.php(278): CodeIgniter\Database\BaseBuilder->insert()
#5 C:\xampp\htdocs\codeigniter4-CodeIgniter4-proyecto-grupal\system\BaseModel.php(738): CodeIgniter\Model->doInsert(Array)
#6 C:\xampp\htdocs\codeigniter4-CodeIgniter4-proyecto-grupal\system\Model.php(666): CodeIgniter\BaseModel->insert(Array, true)
#7 C:\xampp\htdocs\codeigniter4-CodeIgniter4-proyecto-grupal\app\Controllers\Productos.php(35): CodeIgniter\Model->insert(Array)
#8 C:\xampp\htdocs\codeigniter4-CodeIgniter4-proyecto-grupal\system\CodeIgniter.php(898): App\Controllers\Productos->agregar_productos()
#9 C:\xampp\htdocs\codeigniter4-CodeIgniter4-proyecto-grupal\system\CodeIgniter.php(457): CodeIgniter\CodeIgniter->runController(Object(App\Controllers\Productos))
#10 C:\xampp\htdocs\codeigniter4-CodeIgniter4-proyecto-grupal\system\CodeIgniter.php(340): CodeIgniter\CodeIgniter->handleRequest(NULL, Object(Config\Cache), false)
#11 C:\xampp\htdocs\codeigniter4-CodeIgniter4-proyecto-grupal\public\index.php(67): CodeIgniter\CodeIgniter->run()
#12 {main}
