CRITICAL - 2022-11-04 00:31:50 --> Invalid file: Producto.php
in SYSTEMPATH\Exceptions\FrameworkException.php on line 33.
 1 SYSTEMPATH\View\View.php(201): CodeIgniter\Exceptions\FrameworkException::forInvalidFile('Producto.php')
 2 SYSTEMPATH\Common.php(1137): CodeIgniter\View\View->render('Producto', [], true)
 3 APPPATH\Controllers\Productos.php(83): view('Producto', [...])
 4 SYSTEMPATH\CodeIgniter.php(898): App\Controllers\Productos->actualizarProducto()
 5 SYSTEMPATH\CodeIgniter.php(457): CodeIgniter\CodeIgniter->runController(Object(App\Controllers\Productos))
 6 SYSTEMPATH\CodeIgniter.php(340): CodeIgniter\CodeIgniter->handleRequest(null, Object(Config\Cache), false)
 7 FCPATH\index.php(67): CodeIgniter\CodeIgniter->run()
ERROR - 2022-11-04 00:42:13 --> mysqli_sql_exception: Duplicate entry '2' for key 'PRIMARY' in C:\xampp\htdocs\codeigniter4-CodeIgniter4-proyecto-grupal\system\Database\MySQLi\Connection.php:292
Stack trace:
#0 C:\xampp\htdocs\codeigniter4-CodeIgniter4-proyecto-grupal\system\Database\MySQLi\Connection.php(292): mysqli->query('INSERT INTO `su...', 0)
#1 C:\xampp\htdocs\codeigniter4-CodeIgniter4-proyecto-grupal\system\Database\BaseConnection.php(693): CodeIgniter\Database\MySQLi\Connection->execute('INSERT INTO `su...')
#2 C:\xampp\htdocs\codeigniter4-CodeIgniter4-proyecto-grupal\system\Database\BaseConnection.php(620): CodeIgniter\Database\BaseConnection->simpleQuery('INSERT INTO `su...')
#3 C:\xampp\htdocs\codeigniter4-CodeIgniter4-proyecto-grupal\system\Database\BaseBuilder.php(1916): CodeIgniter\Database\BaseConnection->query('INSERT INTO `su...', Array, false)
#4 C:\xampp\htdocs\codeigniter4-CodeIgniter4-proyecto-grupal\system\Model.php(278): CodeIgniter\Database\BaseBuilder->insert()
#5 C:\xampp\htdocs\codeigniter4-CodeIgniter4-proyecto-grupal\system\BaseModel.php(738): CodeIgniter\Model->doInsert(Array)
#6 C:\xampp\htdocs\codeigniter4-CodeIgniter4-proyecto-grupal\system\Model.php(666): CodeIgniter\BaseModel->insert(Array, true)
#7 C:\xampp\htdocs\codeigniter4-CodeIgniter4-proyecto-grupal\app\Controllers\Sucursales.php(37): CodeIgniter\Model->insert(Array)
#8 C:\xampp\htdocs\codeigniter4-CodeIgniter4-proyecto-grupal\system\CodeIgniter.php(898): App\Controllers\Sucursales->agregar_sucursales()
#9 C:\xampp\htdocs\codeigniter4-CodeIgniter4-proyecto-grupal\system\CodeIgniter.php(457): CodeIgniter\CodeIgniter->runController(Object(App\Controllers\Sucursales))
#10 C:\xampp\htdocs\codeigniter4-CodeIgniter4-proyecto-grupal\system\CodeIgniter.php(340): CodeIgniter\CodeIgniter->handleRequest(NULL, Object(Config\Cache), false)
#11 C:\xampp\htdocs\codeigniter4-CodeIgniter4-proyecto-grupal\public\index.php(67): CodeIgniter\CodeIgniter->run()
#12 {main}
ERROR - 2022-11-04 00:42:20 --> mysqli_sql_exception: Duplicate entry '2' for key 'PRIMARY' in C:\xampp\htdocs\codeigniter4-CodeIgniter4-proyecto-grupal\system\Database\MySQLi\Connection.php:292
Stack trace:
#0 C:\xampp\htdocs\codeigniter4-CodeIgniter4-proyecto-grupal\system\Database\MySQLi\Connection.php(292): mysqli->query('INSERT INTO `su...', 0)
#1 C:\xampp\htdocs\codeigniter4-CodeIgniter4-proyecto-grupal\system\Database\BaseConnection.php(693): CodeIgniter\Database\MySQLi\Connection->execute('INSERT INTO `su...')
#2 C:\xampp\htdocs\codeigniter4-CodeIgniter4-proyecto-grupal\system\Database\BaseConnection.php(620): CodeIgniter\Database\BaseConnection->simpleQuery('INSERT INTO `su...')
#3 C:\xampp\htdocs\codeigniter4-CodeIgniter4-proyecto-grupal\system\Database\BaseBuilder.php(1916): CodeIgniter\Database\BaseConnection->query('INSERT INTO `su...', Array, false)
#4 C:\xampp\htdocs\codeigniter4-CodeIgniter4-proyecto-grupal\system\Model.php(278): CodeIgniter\Database\BaseBuilder->insert()
#5 C:\xampp\htdocs\codeigniter4-CodeIgniter4-proyecto-grupal\system\BaseModel.php(738): CodeIgniter\Model->doInsert(Array)
#6 C:\xampp\htdocs\codeigniter4-CodeIgniter4-proyecto-grupal\system\Model.php(666): CodeIgniter\BaseModel->insert(Array, true)
#7 C:\xampp\htdocs\codeigniter4-CodeIgniter4-proyecto-grupal\app\Controllers\Sucursales.php(37): CodeIgniter\Model->insert(Array)
#8 C:\xampp\htdocs\codeigniter4-CodeIgniter4-proyecto-grupal\system\CodeIgniter.php(898): App\Controllers\Sucursales->agregar_sucursales()
#9 C:\xampp\htdocs\codeigniter4-CodeIgniter4-proyecto-grupal\system\CodeIgniter.php(457): CodeIgniter\CodeIgniter->runController(Object(App\Controllers\Sucursales))
#10 C:\xampp\htdocs\codeigniter4-CodeIgniter4-proyecto-grupal\system\CodeIgniter.php(340): CodeIgniter\CodeIgniter->handleRequest(NULL, Object(Config\Cache), false)
#11 C:\xampp\htdocs\codeigniter4-CodeIgniter4-proyecto-grupal\public\index.php(67): CodeIgniter\CodeIgniter->run()
#12 {main}
CRITICAL - 2022-11-04 00:43:06 --> Undefined variable $productodb
in APPPATH\Views\frm_actualizar_sucursales.php on line 18.
 1 APPPATH\Views\frm_actualizar_sucursales.php(18): CodeIgniter\Debug\Exceptions->errorHandler(2, 'Undefined variable $productodb', 'APPPATH\\Views\\frm_actualizar_sucursales.php', 18)
 2 SYSTEMPATH\View\View.php(213): include('APPPATH\\Views\\frm_actualizar_sucursales.php')
 3 SYSTEMPATH\View\View.php(216): CodeIgniter\View\View->CodeIgniter\View\{closure}()
 4 SYSTEMPATH\Common.php(1137): CodeIgniter\View\View->render('frm_actualizar_sucursales', [], true)
 5 APPPATH\Controllers\Sucursales.php(61): view('frm_actualizar_sucursales', [...])
 6 SYSTEMPATH\CodeIgniter.php(898): App\Controllers\Sucursales->actualizar_sucursal('1')
 7 SYSTEMPATH\CodeIgniter.php(457): CodeIgniter\CodeIgniter->runController(Object(App\Controllers\Sucursales))
 8 SYSTEMPATH\CodeIgniter.php(340): CodeIgniter\CodeIgniter->handleRequest(null, Object(Config\Cache), false)
 9 FCPATH\index.php(67): CodeIgniter\CodeIgniter->run()
ERROR - 2022-11-04 00:43:08 --> mysqli_sql_exception: Duplicate entry '3' for key 'PRIMARY' in C:\xampp\htdocs\codeigniter4-CodeIgniter4-proyecto-grupal\system\Database\MySQLi\Connection.php:292
Stack trace:
#0 C:\xampp\htdocs\codeigniter4-CodeIgniter4-proyecto-grupal\system\Database\MySQLi\Connection.php(292): mysqli->query('INSERT INTO `su...', 0)
#1 C:\xampp\htdocs\codeigniter4-CodeIgniter4-proyecto-grupal\system\Database\BaseConnection.php(693): CodeIgniter\Database\MySQLi\Connection->execute('INSERT INTO `su...')
#2 C:\xampp\htdocs\codeigniter4-CodeIgniter4-proyecto-grupal\system\Database\BaseConnection.php(620): CodeIgniter\Database\BaseConnection->simpleQuery('INSERT INTO `su...')
#3 C:\xampp\htdocs\codeigniter4-CodeIgniter4-proyecto-grupal\system\Database\BaseBuilder.php(1916): CodeIgniter\Database\BaseConnection->query('INSERT INTO `su...', Array, false)
#4 C:\xampp\htdocs\codeigniter4-CodeIgniter4-proyecto-grupal\system\Model.php(278): CodeIgniter\Database\BaseBuilder->insert()
#5 C:\xampp\htdocs\codeigniter4-CodeIgniter4-proyecto-grupal\system\BaseModel.php(738): CodeIgniter\Model->doInsert(Array)
#6 C:\xampp\htdocs\codeigniter4-CodeIgniter4-proyecto-grupal\system\Model.php(666): CodeIgniter\BaseModel->insert(Array, true)
#7 C:\xampp\htdocs\codeigniter4-CodeIgniter4-proyecto-grupal\app\Controllers\Sucursales.php(37): CodeIgniter\Model->insert(Array)
#8 C:\xampp\htdocs\codeigniter4-CodeIgniter4-proyecto-grupal\system\CodeIgniter.php(898): App\Controllers\Sucursales->agregar_sucursales()
#9 C:\xampp\htdocs\codeigniter4-CodeIgniter4-proyecto-grupal\system\CodeIgniter.php(457): CodeIgniter\CodeIgniter->runController(Object(App\Controllers\Sucursales))
#10 C:\xampp\htdocs\codeigniter4-CodeIgniter4-proyecto-grupal\system\CodeIgniter.php(340): CodeIgniter\CodeIgniter->handleRequest(NULL, Object(Config\Cache), false)
#11 C:\xampp\htdocs\codeigniter4-CodeIgniter4-proyecto-grupal\public\index.php(67): CodeIgniter\CodeIgniter->run()
#12 {main}
CRITICAL - 2022-11-04 00:43:09 --> Undefined variable $productodb
in APPPATH\Views\frm_actualizar_sucursales.php on line 18.
 1 APPPATH\Views\frm_actualizar_sucursales.php(18): CodeIgniter\Debug\Exceptions->errorHandler(2, 'Undefined variable $productodb', 'APPPATH\\Views\\frm_actualizar_sucursales.php', 18)
 2 SYSTEMPATH\View\View.php(213): include('APPPATH\\Views\\frm_actualizar_sucursales.php')
 3 SYSTEMPATH\View\View.php(216): CodeIgniter\View\View->CodeIgniter\View\{closure}()
 4 SYSTEMPATH\Common.php(1137): CodeIgniter\View\View->render('frm_actualizar_sucursales', [], true)
 5 APPPATH\Controllers\Sucursales.php(61): view('frm_actualizar_sucursales', [...])
 6 SYSTEMPATH\CodeIgniter.php(898): App\Controllers\Sucursales->actualizar_sucursal('1')
 7 SYSTEMPATH\CodeIgniter.php(457): CodeIgniter\CodeIgniter->runController(Object(App\Controllers\Sucursales))
 8 SYSTEMPATH\CodeIgniter.php(340): CodeIgniter\CodeIgniter->handleRequest(null, Object(Config\Cache), false)
 9 FCPATH\index.php(67): CodeIgniter\CodeIgniter->run()
ERROR - 2022-11-04 00:43:10 --> mysqli_sql_exception: Duplicate entry '3' for key 'PRIMARY' in C:\xampp\htdocs\codeigniter4-CodeIgniter4-proyecto-grupal\system\Database\MySQLi\Connection.php:292
Stack trace:
#0 C:\xampp\htdocs\codeigniter4-CodeIgniter4-proyecto-grupal\system\Database\MySQLi\Connection.php(292): mysqli->query('INSERT INTO `su...', 0)
#1 C:\xampp\htdocs\codeigniter4-CodeIgniter4-proyecto-grupal\system\Database\BaseConnection.php(693): CodeIgniter\Database\MySQLi\Connection->execute('INSERT INTO `su...')
#2 C:\xampp\htdocs\codeigniter4-CodeIgniter4-proyecto-grupal\system\Database\BaseConnection.php(620): CodeIgniter\Database\BaseConnection->simpleQuery('INSERT INTO `su...')
#3 C:\xampp\htdocs\codeigniter4-CodeIgniter4-proyecto-grupal\system\Database\BaseBuilder.php(1916): CodeIgniter\Database\BaseConnection->query('INSERT INTO `su...', Array, false)
#4 C:\xampp\htdocs\codeigniter4-CodeIgniter4-proyecto-grupal\system\Model.php(278): CodeIgniter\Database\BaseBuilder->insert()
#5 C:\xampp\htdocs\codeigniter4-CodeIgniter4-proyecto-grupal\system\BaseModel.php(738): CodeIgniter\Model->doInsert(Array)
#6 C:\xampp\htdocs\codeigniter4-CodeIgniter4-proyecto-grupal\system\Model.php(666): CodeIgniter\BaseModel->insert(Array, true)
#7 C:\xampp\htdocs\codeigniter4-CodeIgniter4-proyecto-grupal\app\Controllers\Sucursales.php(37): CodeIgniter\Model->insert(Array)
#8 C:\xampp\htdocs\codeigniter4-CodeIgniter4-proyecto-grupal\system\CodeIgniter.php(898): App\Controllers\Sucursales->agregar_sucursales()
#9 C:\xampp\htdocs\codeigniter4-CodeIgniter4-proyecto-grupal\system\CodeIgniter.php(457): CodeIgniter\CodeIgniter->runController(Object(App\Controllers\Sucursales))
#10 C:\xampp\htdocs\codeigniter4-CodeIgniter4-proyecto-grupal\system\CodeIgniter.php(340): CodeIgniter\CodeIgniter->handleRequest(NULL, Object(Config\Cache), false)
#11 C:\xampp\htdocs\codeigniter4-CodeIgniter4-proyecto-grupal\public\index.php(67): CodeIgniter\CodeIgniter->run()
#12 {main}
CRITICAL - 2022-11-04 00:43:12 --> Undefined variable $productodb
in APPPATH\Views\frm_actualizar_sucursales.php on line 18.
 1 APPPATH\Views\frm_actualizar_sucursales.php(18): CodeIgniter\Debug\Exceptions->errorHandler(2, 'Undefined variable $productodb', 'APPPATH\\Views\\frm_actualizar_sucursales.php', 18)
 2 SYSTEMPATH\View\View.php(213): include('APPPATH\\Views\\frm_actualizar_sucursales.php')
 3 SYSTEMPATH\View\View.php(216): CodeIgniter\View\View->CodeIgniter\View\{closure}()
 4 SYSTEMPATH\Common.php(1137): CodeIgniter\View\View->render('frm_actualizar_sucursales', [], true)
 5 APPPATH\Controllers\Sucursales.php(61): view('frm_actualizar_sucursales', [...])
 6 SYSTEMPATH\CodeIgniter.php(898): App\Controllers\Sucursales->actualizar_sucursal('2')
 7 SYSTEMPATH\CodeIgniter.php(457): CodeIgniter\CodeIgniter->runController(Object(App\Controllers\Sucursales))
 8 SYSTEMPATH\CodeIgniter.php(340): CodeIgniter\CodeIgniter->handleRequest(null, Object(Config\Cache), false)
 9 FCPATH\index.php(67): CodeIgniter\CodeIgniter->run()
ERROR - 2022-11-04 00:43:13 --> mysqli_sql_exception: Duplicate entry '3' for key 'PRIMARY' in C:\xampp\htdocs\codeigniter4-CodeIgniter4-proyecto-grupal\system\Database\MySQLi\Connection.php:292
Stack trace:
#0 C:\xampp\htdocs\codeigniter4-CodeIgniter4-proyecto-grupal\system\Database\MySQLi\Connection.php(292): mysqli->query('INSERT INTO `su...', 0)
#1 C:\xampp\htdocs\codeigniter4-CodeIgniter4-proyecto-grupal\system\Database\BaseConnection.php(693): CodeIgniter\Database\MySQLi\Connection->execute('INSERT INTO `su...')
#2 C:\xampp\htdocs\codeigniter4-CodeIgniter4-proyecto-grupal\system\Database\BaseConnection.php(620): CodeIgniter\Database\BaseConnection->simpleQuery('INSERT INTO `su...')
#3 C:\xampp\htdocs\codeigniter4-CodeIgniter4-proyecto-grupal\system\Database\BaseBuilder.php(1916): CodeIgniter\Database\BaseConnection->query('INSERT INTO `su...', Array, false)
#4 C:\xampp\htdocs\codeigniter4-CodeIgniter4-proyecto-grupal\system\Model.php(278): CodeIgniter\Database\BaseBuilder->insert()
#5 C:\xampp\htdocs\codeigniter4-CodeIgniter4-proyecto-grupal\system\BaseModel.php(738): CodeIgniter\Model->doInsert(Array)
#6 C:\xampp\htdocs\codeigniter4-CodeIgniter4-proyecto-grupal\system\Model.php(666): CodeIgniter\BaseModel->insert(Array, true)
#7 C:\xampp\htdocs\codeigniter4-CodeIgniter4-proyecto-grupal\app\Controllers\Sucursales.php(37): CodeIgniter\Model->insert(Array)
#8 C:\xampp\htdocs\codeigniter4-CodeIgniter4-proyecto-grupal\system\CodeIgniter.php(898): App\Controllers\Sucursales->agregar_sucursales()
#9 C:\xampp\htdocs\codeigniter4-CodeIgniter4-proyecto-grupal\system\CodeIgniter.php(457): CodeIgniter\CodeIgniter->runController(Object(App\Controllers\Sucursales))
#10 C:\xampp\htdocs\codeigniter4-CodeIgniter4-proyecto-grupal\system\CodeIgniter.php(340): CodeIgniter\CodeIgniter->handleRequest(NULL, Object(Config\Cache), false)
#11 C:\xampp\htdocs\codeigniter4-CodeIgniter4-proyecto-grupal\public\index.php(67): CodeIgniter\CodeIgniter->run()
#12 {main}
ERROR - 2022-11-04 00:44:03 --> mysqli_sql_exception: Duplicate entry '2' for key 'PRIMARY' in C:\xampp\htdocs\codeigniter4-CodeIgniter4-proyecto-grupal\system\Database\MySQLi\Connection.php:292
Stack trace:
#0 C:\xampp\htdocs\codeigniter4-CodeIgniter4-proyecto-grupal\system\Database\MySQLi\Connection.php(292): mysqli->query('INSERT INTO `su...', 0)
#1 C:\xampp\htdocs\codeigniter4-CodeIgniter4-proyecto-grupal\system\Database\BaseConnection.php(693): CodeIgniter\Database\MySQLi\Connection->execute('INSERT INTO `su...')
#2 C:\xampp\htdocs\codeigniter4-CodeIgniter4-proyecto-grupal\system\Database\BaseConnection.php(620): CodeIgniter\Database\BaseConnection->simpleQuery('INSERT INTO `su...')
#3 C:\xampp\htdocs\codeigniter4-CodeIgniter4-proyecto-grupal\system\Database\BaseBuilder.php(1916): CodeIgniter\Database\BaseConnection->query('INSERT INTO `su...', Array, false)
#4 C:\xampp\htdocs\codeigniter4-CodeIgniter4-proyecto-grupal\system\Model.php(278): CodeIgniter\Database\BaseBuilder->insert()
#5 C:\xampp\htdocs\codeigniter4-CodeIgniter4-proyecto-grupal\system\BaseModel.php(738): CodeIgniter\Model->doInsert(Array)
#6 C:\xampp\htdocs\codeigniter4-CodeIgniter4-proyecto-grupal\system\Model.php(666): CodeIgniter\BaseModel->insert(Array, true)
#7 C:\xampp\htdocs\codeigniter4-CodeIgniter4-proyecto-grupal\app\Controllers\Sucursales.php(37): CodeIgniter\Model->insert(Array)
#8 C:\xampp\htdocs\codeigniter4-CodeIgniter4-proyecto-grupal\system\CodeIgniter.php(898): App\Controllers\Sucursales->agregar_sucursales()
#9 C:\xampp\htdocs\codeigniter4-CodeIgniter4-proyecto-grupal\system\CodeIgniter.php(457): CodeIgniter\CodeIgniter->runController(Object(App\Controllers\Sucursales))
#10 C:\xampp\htdocs\codeigniter4-CodeIgniter4-proyecto-grupal\system\CodeIgniter.php(340): CodeIgniter\CodeIgniter->handleRequest(NULL, Object(Config\Cache), false)
#11 C:\xampp\htdocs\codeigniter4-CodeIgniter4-proyecto-grupal\public\index.php(67): CodeIgniter\CodeIgniter->run()
#12 {main}
CRITICAL - 2022-11-04 00:44:28 --> Undefined variable $productodb
in APPPATH\Views\frm_actualizar_sucursales.php on line 18.
 1 APPPATH\Views\frm_actualizar_sucursales.php(18): CodeIgniter\Debug\Exceptions->errorHandler(2, 'Undefined variable $productodb', 'APPPATH\\Views\\frm_actualizar_sucursales.php', 18)
 2 SYSTEMPATH\View\View.php(213): include('APPPATH\\Views\\frm_actualizar_sucursales.php')
 3 SYSTEMPATH\View\View.php(216): CodeIgniter\View\View->CodeIgniter\View\{closure}()
 4 SYSTEMPATH\Common.php(1137): CodeIgniter\View\View->render('frm_actualizar_sucursales', [], true)
 5 APPPATH\Controllers\Sucursales.php(61): view('frm_actualizar_sucursales', [...])
 6 SYSTEMPATH\CodeIgniter.php(898): App\Controllers\Sucursales->actualizar_sucursal('3')
 7 SYSTEMPATH\CodeIgniter.php(457): CodeIgniter\CodeIgniter->runController(Object(App\Controllers\Sucursales))
 8 SYSTEMPATH\CodeIgniter.php(340): CodeIgniter\CodeIgniter->handleRequest(null, Object(Config\Cache), false)
 9 FCPATH\index.php(67): CodeIgniter\CodeIgniter->run()
CRITICAL - 2022-11-04 00:46:01 --> Undefined variable $productodb
in APPPATH\Views\frm_actualizar_sucursales.php on line 18.
 1 APPPATH\Views\frm_actualizar_sucursales.php(18): CodeIgniter\Debug\Exceptions->errorHandler(2, 'Undefined variable $productodb', 'APPPATH\\Views\\frm_actualizar_sucursales.php', 18)
 2 SYSTEMPATH\View\View.php(213): include('APPPATH\\Views\\frm_actualizar_sucursales.php')
 3 SYSTEMPATH\View\View.php(216): CodeIgniter\View\View->CodeIgniter\View\{closure}()
 4 SYSTEMPATH\Common.php(1137): CodeIgniter\View\View->render('frm_actualizar_sucursales', [], true)
 5 APPPATH\Controllers\Sucursales.php(61): view('frm_actualizar_sucursales', [...])
 6 SYSTEMPATH\CodeIgniter.php(898): App\Controllers\Sucursales->actualizar_sucursal('1')
 7 SYSTEMPATH\CodeIgniter.php(457): CodeIgniter\CodeIgniter->runController(Object(App\Controllers\Sucursales))
 8 SYSTEMPATH\CodeIgniter.php(340): CodeIgniter\CodeIgniter->handleRequest(null, Object(Config\Cache), false)
 9 FCPATH\index.php(67): CodeIgniter\CodeIgniter->run()
CRITICAL - 2022-11-04 00:46:07 --> Undefined variable $productodb
in APPPATH\Views\frm_actualizar_sucursales.php on line 18.
 1 APPPATH\Views\frm_actualizar_sucursales.php(18): CodeIgniter\Debug\Exceptions->errorHandler(2, 'Undefined variable $productodb', 'APPPATH\\Views\\frm_actualizar_sucursales.php', 18)
 2 SYSTEMPATH\View\View.php(213): include('APPPATH\\Views\\frm_actualizar_sucursales.php')
 3 SYSTEMPATH\View\View.php(216): CodeIgniter\View\View->CodeIgniter\View\{closure}()
 4 SYSTEMPATH\Common.php(1137): CodeIgniter\View\View->render('frm_actualizar_sucursales', [], true)
 5 APPPATH\Controllers\Sucursales.php(61): view('frm_actualizar_sucursales', [...])
 6 SYSTEMPATH\CodeIgniter.php(898): App\Controllers\Sucursales->actualizar_sucursal('3')
 7 SYSTEMPATH\CodeIgniter.php(457): CodeIgniter\CodeIgniter->runController(Object(App\Controllers\Sucursales))
 8 SYSTEMPATH\CodeIgniter.php(340): CodeIgniter\CodeIgniter->handleRequest(null, Object(Config\Cache), false)
 9 FCPATH\index.php(67): CodeIgniter\CodeIgniter->run()
CRITICAL - 2022-11-04 00:46:14 --> Undefined variable $productodb
in APPPATH\Views\frm_actualizar_sucursales.php on line 18.
 1 APPPATH\Views\frm_actualizar_sucursales.php(18): CodeIgniter\Debug\Exceptions->errorHandler(2, 'Undefined variable $productodb', 'APPPATH\\Views\\frm_actualizar_sucursales.php', 18)
 2 SYSTEMPATH\View\View.php(213): include('APPPATH\\Views\\frm_actualizar_sucursales.php')
 3 SYSTEMPATH\View\View.php(216): CodeIgniter\View\View->CodeIgniter\View\{closure}()
 4 SYSTEMPATH\Common.php(1137): CodeIgniter\View\View->render('frm_actualizar_sucursales', [], true)
 5 APPPATH\Controllers\Sucursales.php(61): view('frm_actualizar_sucursales', [...])
 6 SYSTEMPATH\CodeIgniter.php(898): App\Controllers\Sucursales->actualizar_sucursal('3')
 7 SYSTEMPATH\CodeIgniter.php(457): CodeIgniter\CodeIgniter->runController(Object(App\Controllers\Sucursales))
 8 SYSTEMPATH\CodeIgniter.php(340): CodeIgniter\CodeIgniter->handleRequest(null, Object(Config\Cache), false)
 9 FCPATH\index.php(67): CodeIgniter\CodeIgniter->run()
CRITICAL - 2022-11-04 00:46:20 --> Undefined variable $productodb
in APPPATH\Views\frm_actualizar_sucursales.php on line 18.
 1 APPPATH\Views\frm_actualizar_sucursales.php(18): CodeIgniter\Debug\Exceptions->errorHandler(2, 'Undefined variable $productodb', 'APPPATH\\Views\\frm_actualizar_sucursales.php', 18)
 2 SYSTEMPATH\View\View.php(213): include('APPPATH\\Views\\frm_actualizar_sucursales.php')
 3 SYSTEMPATH\View\View.php(216): CodeIgniter\View\View->CodeIgniter\View\{closure}()
 4 SYSTEMPATH\Common.php(1137): CodeIgniter\View\View->render('frm_actualizar_sucursales', [], true)
 5 APPPATH\Controllers\Sucursales.php(61): view('frm_actualizar_sucursales', [...])
 6 SYSTEMPATH\CodeIgniter.php(898): App\Controllers\Sucursales->actualizar_sucursal('1')
 7 SYSTEMPATH\CodeIgniter.php(457): CodeIgniter\CodeIgniter->runController(Object(App\Controllers\Sucursales))
 8 SYSTEMPATH\CodeIgniter.php(340): CodeIgniter\CodeIgniter->handleRequest(null, Object(Config\Cache), false)
 9 FCPATH\index.php(67): CodeIgniter\CodeIgniter->run()
CRITICAL - 2022-11-04 00:46:48 --> Undefined variable $productodb
in APPPATH\Views\frm_actualizar_sucursales.php on line 18.
 1 APPPATH\Views\frm_actualizar_sucursales.php(18): CodeIgniter\Debug\Exceptions->errorHandler(2, 'Undefined variable $productodb', 'APPPATH\\Views\\frm_actualizar_sucursales.php', 18)
 2 SYSTEMPATH\View\View.php(213): include('APPPATH\\Views\\frm_actualizar_sucursales.php')
 3 SYSTEMPATH\View\View.php(216): CodeIgniter\View\View->CodeIgniter\View\{closure}()
 4 SYSTEMPATH\Common.php(1137): CodeIgniter\View\View->render('frm_actualizar_sucursales', [], true)
 5 APPPATH\Controllers\Sucursales.php(61): view('frm_actualizar_sucursales', [...])
 6 SYSTEMPATH\CodeIgniter.php(898): App\Controllers\Sucursales->actualizar_sucursal('1')
 7 SYSTEMPATH\CodeIgniter.php(457): CodeIgniter\CodeIgniter->runController(Object(App\Controllers\Sucursales))
 8 SYSTEMPATH\CodeIgniter.php(340): CodeIgniter\CodeIgniter->handleRequest(null, Object(Config\Cache), false)
 9 FCPATH\index.php(67): CodeIgniter\CodeIgniter->run()
CRITICAL - 2022-11-04 00:50:59 --> Undefined variable $productodb
in APPPATH\Views\frm_actualizar_sucursales.php on line 18.
 1 APPPATH\Views\frm_actualizar_sucursales.php(18): CodeIgniter\Debug\Exceptions->errorHandler(2, 'Undefined variable $productodb', 'APPPATH\\Views\\frm_actualizar_sucursales.php', 18)
 2 SYSTEMPATH\View\View.php(213): include('APPPATH\\Views\\frm_actualizar_sucursales.php')
 3 SYSTEMPATH\View\View.php(216): CodeIgniter\View\View->CodeIgniter\View\{closure}()
 4 SYSTEMPATH\Common.php(1137): CodeIgniter\View\View->render('frm_actualizar_sucursales', [], true)
 5 APPPATH\Controllers\Sucursales.php(61): view('frm_actualizar_sucursales', [...])
 6 SYSTEMPATH\CodeIgniter.php(898): App\Controllers\Sucursales->actualizar_sucursal('2')
 7 SYSTEMPATH\CodeIgniter.php(457): CodeIgniter\CodeIgniter->runController(Object(App\Controllers\Sucursales))
 8 SYSTEMPATH\CodeIgniter.php(340): CodeIgniter\CodeIgniter->handleRequest(null, Object(Config\Cache), false)
 9 FCPATH\index.php(67): CodeIgniter\CodeIgniter->run()
CRITICAL - 2022-11-04 00:56:46 --> Undefined variable $productodb
in APPPATH\Views\frm_actualizar_sucursales.php on line 18.
 1 APPPATH\Views\frm_actualizar_sucursales.php(18): CodeIgniter\Debug\Exceptions->errorHandler(2, 'Undefined variable $productodb', 'APPPATH\\Views\\frm_actualizar_sucursales.php', 18)
 2 SYSTEMPATH\View\View.php(213): include('APPPATH\\Views\\frm_actualizar_sucursales.php')
 3 SYSTEMPATH\View\View.php(216): CodeIgniter\View\View->CodeIgniter\View\{closure}()
 4 SYSTEMPATH\Common.php(1137): CodeIgniter\View\View->render('frm_actualizar_sucursales', [], true)
 5 APPPATH\Controllers\Sucursales.php(61): view('frm_actualizar_sucursales', [...])
 6 SYSTEMPATH\CodeIgniter.php(898): App\Controllers\Sucursales->actualizar_sucursal('1')
 7 SYSTEMPATH\CodeIgniter.php(457): CodeIgniter\CodeIgniter->runController(Object(App\Controllers\Sucursales))
 8 SYSTEMPATH\CodeIgniter.php(340): CodeIgniter\CodeIgniter->handleRequest(null, Object(Config\Cache), false)
 9 FCPATH\index.php(67): CodeIgniter\CodeIgniter->run()
CRITICAL - 2022-11-04 00:57:56 --> Undefined variable $productodb
in APPPATH\Views\frm_actualizar_sucursales.php on line 18.
 1 APPPATH\Views\frm_actualizar_sucursales.php(18): CodeIgniter\Debug\Exceptions->errorHandler(2, 'Undefined variable $productodb', 'APPPATH\\Views\\frm_actualizar_sucursales.php', 18)
 2 SYSTEMPATH\View\View.php(213): include('APPPATH\\Views\\frm_actualizar_sucursales.php')
 3 SYSTEMPATH\View\View.php(216): CodeIgniter\View\View->CodeIgniter\View\{closure}()
 4 SYSTEMPATH\Common.php(1137): CodeIgniter\View\View->render('frm_actualizar_sucursales', [], true)
 5 APPPATH\Controllers\Sucursales.php(61): view('frm_actualizar_sucursales', [...])
 6 SYSTEMPATH\CodeIgniter.php(898): App\Controllers\Sucursales->actualizar_sucursal('1')
 7 SYSTEMPATH\CodeIgniter.php(457): CodeIgniter\CodeIgniter->runController(Object(App\Controllers\Sucursales))
 8 SYSTEMPATH\CodeIgniter.php(340): CodeIgniter\CodeIgniter->handleRequest(null, Object(Config\Cache), false)
 9 FCPATH\index.php(67): CodeIgniter\CodeIgniter->run()
CRITICAL - 2022-11-04 01:00:20 --> Undefined variable $productodb
in APPPATH\Views\frm_actualizar_sucursales.php on line 18.
 1 APPPATH\Views\frm_actualizar_sucursales.php(18): CodeIgniter\Debug\Exceptions->errorHandler(2, 'Undefined variable $productodb', 'APPPATH\\Views\\frm_actualizar_sucursales.php', 18)
 2 SYSTEMPATH\View\View.php(213): include('APPPATH\\Views\\frm_actualizar_sucursales.php')
 3 SYSTEMPATH\View\View.php(216): CodeIgniter\View\View->CodeIgniter\View\{closure}()
 4 SYSTEMPATH\Common.php(1137): CodeIgniter\View\View->render('frm_actualizar_sucursales', [], true)
 5 APPPATH\Controllers\Sucursales.php(61): view('frm_actualizar_sucursales', [...])
 6 SYSTEMPATH\CodeIgniter.php(898): App\Controllers\Sucursales->actualizar_sucursal('1')
 7 SYSTEMPATH\CodeIgniter.php(457): CodeIgniter\CodeIgniter->runController(Object(App\Controllers\Sucursales))
 8 SYSTEMPATH\CodeIgniter.php(340): CodeIgniter\CodeIgniter->handleRequest(null, Object(Config\Cache), false)
 9 FCPATH\index.php(67): CodeIgniter\CodeIgniter->run()
CRITICAL - 2022-11-04 01:12:13 --> Undefined variable $productodb
in APPPATH\Views\frm_actualizar_sucursales.php on line 18.
 1 APPPATH\Views\frm_actualizar_sucursales.php(18): CodeIgniter\Debug\Exceptions->errorHandler(2, 'Undefined variable $productodb', 'APPPATH\\Views\\frm_actualizar_sucursales.php', 18)
 2 SYSTEMPATH\View\View.php(213): include('APPPATH\\Views\\frm_actualizar_sucursales.php')
 3 SYSTEMPATH\View\View.php(216): CodeIgniter\View\View->CodeIgniter\View\{closure}()
 4 SYSTEMPATH\Common.php(1137): CodeIgniter\View\View->render('frm_actualizar_sucursales', [], true)
 5 APPPATH\Controllers\Sucursales.php(61): view('frm_actualizar_sucursales', [...])
 6 SYSTEMPATH\CodeIgniter.php(898): App\Controllers\Sucursales->actualizar_sucursal('1')
 7 SYSTEMPATH\CodeIgniter.php(457): CodeIgniter\CodeIgniter->runController(Object(App\Controllers\Sucursales))
 8 SYSTEMPATH\CodeIgniter.php(340): CodeIgniter\CodeIgniter->handleRequest(null, Object(Config\Cache), false)
 9 FCPATH\index.php(67): CodeIgniter\CodeIgniter->run()
CRITICAL - 2022-11-04 01:13:15 --> Undefined variable $productodb
in APPPATH\Views\frm_actualizar_sucursales.php on line 18.
 1 APPPATH\Views\frm_actualizar_sucursales.php(18): CodeIgniter\Debug\Exceptions->errorHandler(2, 'Undefined variable $productodb', 'APPPATH\\Views\\frm_actualizar_sucursales.php', 18)
 2 SYSTEMPATH\View\View.php(213): include('APPPATH\\Views\\frm_actualizar_sucursales.php')
 3 SYSTEMPATH\View\View.php(216): CodeIgniter\View\View->CodeIgniter\View\{closure}()
 4 SYSTEMPATH\Common.php(1137): CodeIgniter\View\View->render('frm_actualizar_sucursales', [], true)
 5 APPPATH\Controllers\Sucursales.php(61): view('frm_actualizar_sucursales', [...])
 6 SYSTEMPATH\CodeIgniter.php(898): App\Controllers\Sucursales->actualizar_sucursal('3')
 7 SYSTEMPATH\CodeIgniter.php(457): CodeIgniter\CodeIgniter->runController(Object(App\Controllers\Sucursales))
 8 SYSTEMPATH\CodeIgniter.php(340): CodeIgniter\CodeIgniter->handleRequest(null, Object(Config\Cache), false)
 9 FCPATH\index.php(67): CodeIgniter\CodeIgniter->run()
ERROR - 2022-11-04 01:13:17 --> mysqli_sql_exception: Duplicate entry '3' for key 'PRIMARY' in C:\xampp\htdocs\codeigniter4-CodeIgniter4-proyecto-grupal\system\Database\MySQLi\Connection.php:292
Stack trace:
#0 C:\xampp\htdocs\codeigniter4-CodeIgniter4-proyecto-grupal\system\Database\MySQLi\Connection.php(292): mysqli->query('INSERT INTO `su...', 0)
#1 C:\xampp\htdocs\codeigniter4-CodeIgniter4-proyecto-grupal\system\Database\BaseConnection.php(693): CodeIgniter\Database\MySQLi\Connection->execute('INSERT INTO `su...')
#2 C:\xampp\htdocs\codeigniter4-CodeIgniter4-proyecto-grupal\system\Database\BaseConnection.php(620): CodeIgniter\Database\BaseConnection->simpleQuery('INSERT INTO `su...')
#3 C:\xampp\htdocs\codeigniter4-CodeIgniter4-proyecto-grupal\system\Database\BaseBuilder.php(1916): CodeIgniter\Database\BaseConnection->query('INSERT INTO `su...', Array, false)
#4 C:\xampp\htdocs\codeigniter4-CodeIgniter4-proyecto-grupal\system\Model.php(278): CodeIgniter\Database\BaseBuilder->insert()
#5 C:\xampp\htdocs\codeigniter4-CodeIgniter4-proyecto-grupal\system\BaseModel.php(738): CodeIgniter\Model->doInsert(Array)
#6 C:\xampp\htdocs\codeigniter4-CodeIgniter4-proyecto-grupal\system\Model.php(666): CodeIgniter\BaseModel->insert(Array, true)
#7 C:\xampp\htdocs\codeigniter4-CodeIgniter4-proyecto-grupal\app\Controllers\Sucursales.php(37): CodeIgniter\Model->insert(Array)
#8 C:\xampp\htdocs\codeigniter4-CodeIgniter4-proyecto-grupal\system\CodeIgniter.php(898): App\Controllers\Sucursales->agregar_sucursales()
#9 C:\xampp\htdocs\codeigniter4-CodeIgniter4-proyecto-grupal\system\CodeIgniter.php(457): CodeIgniter\CodeIgniter->runController(Object(App\Controllers\Sucursales))
#10 C:\xampp\htdocs\codeigniter4-CodeIgniter4-proyecto-grupal\system\CodeIgniter.php(340): CodeIgniter\CodeIgniter->handleRequest(NULL, Object(Config\Cache), false)
#11 C:\xampp\htdocs\codeigniter4-CodeIgniter4-proyecto-grupal\public\index.php(67): CodeIgniter\CodeIgniter->run()
#12 {main}
ERROR - 2022-11-04 01:19:12 --> mysqli_sql_exception: Duplicate entry '3' for key 'PRIMARY' in C:\xampp\htdocs\codeigniter4-CodeIgniter4-proyecto-grupal\system\Database\MySQLi\Connection.php:292
Stack trace:
#0 C:\xampp\htdocs\codeigniter4-CodeIgniter4-proyecto-grupal\system\Database\MySQLi\Connection.php(292): mysqli->query('INSERT INTO `su...', 0)
#1 C:\xampp\htdocs\codeigniter4-CodeIgniter4-proyecto-grupal\system\Database\BaseConnection.php(693): CodeIgniter\Database\MySQLi\Connection->execute('INSERT INTO `su...')
#2 C:\xampp\htdocs\codeigniter4-CodeIgniter4-proyecto-grupal\system\Database\BaseConnection.php(620): CodeIgniter\Database\BaseConnection->simpleQuery('INSERT INTO `su...')
#3 C:\xampp\htdocs\codeigniter4-CodeIgniter4-proyecto-grupal\system\Database\BaseBuilder.php(1916): CodeIgniter\Database\BaseConnection->query('INSERT INTO `su...', Array, false)
#4 C:\xampp\htdocs\codeigniter4-CodeIgniter4-proyecto-grupal\system\Model.php(278): CodeIgniter\Database\BaseBuilder->insert()
#5 C:\xampp\htdocs\codeigniter4-CodeIgniter4-proyecto-grupal\system\BaseModel.php(738): CodeIgniter\Model->doInsert(Array)
#6 C:\xampp\htdocs\codeigniter4-CodeIgniter4-proyecto-grupal\system\Model.php(666): CodeIgniter\BaseModel->insert(Array, true)
#7 C:\xampp\htdocs\codeigniter4-CodeIgniter4-proyecto-grupal\app\Controllers\Sucursales.php(37): CodeIgniter\Model->insert(Array)
#8 C:\xampp\htdocs\codeigniter4-CodeIgniter4-proyecto-grupal\system\CodeIgniter.php(898): App\Controllers\Sucursales->agregar_sucursales()
#9 C:\xampp\htdocs\codeigniter4-CodeIgniter4-proyecto-grupal\system\CodeIgniter.php(457): CodeIgniter\CodeIgniter->runController(Object(App\Controllers\Sucursales))
#10 C:\xampp\htdocs\codeigniter4-CodeIgniter4-proyecto-grupal\system\CodeIgniter.php(340): CodeIgniter\CodeIgniter->handleRequest(NULL, Object(Config\Cache), false)
#11 C:\xampp\htdocs\codeigniter4-CodeIgniter4-proyecto-grupal\public\index.php(67): CodeIgniter\CodeIgniter->run()
#12 {main}
ERROR - 2022-11-04 01:19:13 --> mysqli_sql_exception: Duplicate entry '3' for key 'PRIMARY' in C:\xampp\htdocs\codeigniter4-CodeIgniter4-proyecto-grupal\system\Database\MySQLi\Connection.php:292
Stack trace:
#0 C:\xampp\htdocs\codeigniter4-CodeIgniter4-proyecto-grupal\system\Database\MySQLi\Connection.php(292): mysqli->query('INSERT INTO `su...', 0)
#1 C:\xampp\htdocs\codeigniter4-CodeIgniter4-proyecto-grupal\system\Database\BaseConnection.php(693): CodeIgniter\Database\MySQLi\Connection->execute('INSERT INTO `su...')
#2 C:\xampp\htdocs\codeigniter4-CodeIgniter4-proyecto-grupal\system\Database\BaseConnection.php(620): CodeIgniter\Database\BaseConnection->simpleQuery('INSERT INTO `su...')
#3 C:\xampp\htdocs\codeigniter4-CodeIgniter4-proyecto-grupal\system\Database\BaseBuilder.php(1916): CodeIgniter\Database\BaseConnection->query('INSERT INTO `su...', Array, false)
#4 C:\xampp\htdocs\codeigniter4-CodeIgniter4-proyecto-grupal\system\Model.php(278): CodeIgniter\Database\BaseBuilder->insert()
#5 C:\xampp\htdocs\codeigniter4-CodeIgniter4-proyecto-grupal\system\BaseModel.php(738): CodeIgniter\Model->doInsert(Array)
#6 C:\xampp\htdocs\codeigniter4-CodeIgniter4-proyecto-grupal\system\Model.php(666): CodeIgniter\BaseModel->insert(Array, true)
#7 C:\xampp\htdocs\codeigniter4-CodeIgniter4-proyecto-grupal\app\Controllers\Sucursales.php(37): CodeIgniter\Model->insert(Array)
#8 C:\xampp\htdocs\codeigniter4-CodeIgniter4-proyecto-grupal\system\CodeIgniter.php(898): App\Controllers\Sucursales->agregar_sucursales()
#9 C:\xampp\htdocs\codeigniter4-CodeIgniter4-proyecto-grupal\system\CodeIgniter.php(457): CodeIgniter\CodeIgniter->runController(Object(App\Controllers\Sucursales))
#10 C:\xampp\htdocs\codeigniter4-CodeIgniter4-proyecto-grupal\system\CodeIgniter.php(340): CodeIgniter\CodeIgniter->handleRequest(NULL, Object(Config\Cache), false)
#11 C:\xampp\htdocs\codeigniter4-CodeIgniter4-proyecto-grupal\public\index.php(67): CodeIgniter\CodeIgniter->run()
#12 {main}
CRITICAL - 2022-11-04 01:19:14 --> Undefined variable $productodb
in APPPATH\Views\frm_actualizar_sucursales.php on line 18.
 1 APPPATH\Views\frm_actualizar_sucursales.php(18): CodeIgniter\Debug\Exceptions->errorHandler(2, 'Undefined variable $productodb', 'APPPATH\\Views\\frm_actualizar_sucursales.php', 18)
 2 SYSTEMPATH\View\View.php(213): include('APPPATH\\Views\\frm_actualizar_sucursales.php')
 3 SYSTEMPATH\View\View.php(216): CodeIgniter\View\View->CodeIgniter\View\{closure}()
 4 SYSTEMPATH\Common.php(1137): CodeIgniter\View\View->render('frm_actualizar_sucursales', [], true)
 5 APPPATH\Controllers\Sucursales.php(61): view('frm_actualizar_sucursales', [...])
 6 SYSTEMPATH\CodeIgniter.php(898): App\Controllers\Sucursales->actualizar_sucursal('1')
 7 SYSTEMPATH\CodeIgniter.php(457): CodeIgniter\CodeIgniter->runController(Object(App\Controllers\Sucursales))
 8 SYSTEMPATH\CodeIgniter.php(340): CodeIgniter\CodeIgniter->handleRequest(null, Object(Config\Cache), false)
 9 FCPATH\index.php(67): CodeIgniter\CodeIgniter->run()
ERROR - 2022-11-04 01:19:20 --> mysqli_sql_exception: Duplicate entry '3' for key 'PRIMARY' in C:\xampp\htdocs\codeigniter4-CodeIgniter4-proyecto-grupal\system\Database\MySQLi\Connection.php:292
Stack trace:
#0 C:\xampp\htdocs\codeigniter4-CodeIgniter4-proyecto-grupal\system\Database\MySQLi\Connection.php(292): mysqli->query('INSERT INTO `su...', 0)
#1 C:\xampp\htdocs\codeigniter4-CodeIgniter4-proyecto-grupal\system\Database\BaseConnection.php(693): CodeIgniter\Database\MySQLi\Connection->execute('INSERT INTO `su...')
#2 C:\xampp\htdocs\codeigniter4-CodeIgniter4-proyecto-grupal\system\Database\BaseConnection.php(620): CodeIgniter\Database\BaseConnection->simpleQuery('INSERT INTO `su...')
#3 C:\xampp\htdocs\codeigniter4-CodeIgniter4-proyecto-grupal\system\Database\BaseBuilder.php(1916): CodeIgniter\Database\BaseConnection->query('INSERT INTO `su...', Array, false)
#4 C:\xampp\htdocs\codeigniter4-CodeIgniter4-proyecto-grupal\system\Model.php(278): CodeIgniter\Database\BaseBuilder->insert()
#5 C:\xampp\htdocs\codeigniter4-CodeIgniter4-proyecto-grupal\system\BaseModel.php(738): CodeIgniter\Model->doInsert(Array)
#6 C:\xampp\htdocs\codeigniter4-CodeIgniter4-proyecto-grupal\system\Model.php(666): CodeIgniter\BaseModel->insert(Array, true)
#7 C:\xampp\htdocs\codeigniter4-CodeIgniter4-proyecto-grupal\app\Controllers\Sucursales.php(37): CodeIgniter\Model->insert(Array)
#8 C:\xampp\htdocs\codeigniter4-CodeIgniter4-proyecto-grupal\system\CodeIgniter.php(898): App\Controllers\Sucursales->agregar_sucursales()
#9 C:\xampp\htdocs\codeigniter4-CodeIgniter4-proyecto-grupal\system\CodeIgniter.php(457): CodeIgniter\CodeIgniter->runController(Object(App\Controllers\Sucursales))
#10 C:\xampp\htdocs\codeigniter4-CodeIgniter4-proyecto-grupal\system\CodeIgniter.php(340): CodeIgniter\CodeIgniter->handleRequest(NULL, Object(Config\Cache), false)
#11 C:\xampp\htdocs\codeigniter4-CodeIgniter4-proyecto-grupal\public\index.php(67): CodeIgniter\CodeIgniter->run()
#12 {main}
CRITICAL - 2022-11-04 01:19:37 --> Undefined variable $productodb
in APPPATH\Views\frm_actualizar_sucursales.php on line 18.
 1 APPPATH\Views\frm_actualizar_sucursales.php(18): CodeIgniter\Debug\Exceptions->errorHandler(2, 'Undefined variable $productodb', 'APPPATH\\Views\\frm_actualizar_sucursales.php', 18)
 2 SYSTEMPATH\View\View.php(213): include('APPPATH\\Views\\frm_actualizar_sucursales.php')
 3 SYSTEMPATH\View\View.php(216): CodeIgniter\View\View->CodeIgniter\View\{closure}()
 4 SYSTEMPATH\Common.php(1137): CodeIgniter\View\View->render('frm_actualizar_sucursales', [], true)
 5 APPPATH\Controllers\Sucursales.php(61): view('frm_actualizar_sucursales', [...])
 6 SYSTEMPATH\CodeIgniter.php(898): App\Controllers\Sucursales->actualizar_sucursal('1')
 7 SYSTEMPATH\CodeIgniter.php(457): CodeIgniter\CodeIgniter->runController(Object(App\Controllers\Sucursales))
 8 SYSTEMPATH\CodeIgniter.php(340): CodeIgniter\CodeIgniter->handleRequest(null, Object(Config\Cache), false)
 9 FCPATH\index.php(67): CodeIgniter\CodeIgniter->run()
CRITICAL - 2022-11-04 01:19:39 --> Undefined variable $productodb
in APPPATH\Views\frm_actualizar_sucursales.php on line 18.
 1 APPPATH\Views\frm_actualizar_sucursales.php(18): CodeIgniter\Debug\Exceptions->errorHandler(2, 'Undefined variable $productodb', 'APPPATH\\Views\\frm_actualizar_sucursales.php', 18)
 2 SYSTEMPATH\View\View.php(213): include('APPPATH\\Views\\frm_actualizar_sucursales.php')
 3 SYSTEMPATH\View\View.php(216): CodeIgniter\View\View->CodeIgniter\View\{closure}()
 4 SYSTEMPATH\Common.php(1137): CodeIgniter\View\View->render('frm_actualizar_sucursales', [], true)
 5 APPPATH\Controllers\Sucursales.php(61): view('frm_actualizar_sucursales', [...])
 6 SYSTEMPATH\CodeIgniter.php(898): App\Controllers\Sucursales->actualizar_sucursal('2')
 7 SYSTEMPATH\CodeIgniter.php(457): CodeIgniter\CodeIgniter->runController(Object(App\Controllers\Sucursales))
 8 SYSTEMPATH\CodeIgniter.php(340): CodeIgniter\CodeIgniter->handleRequest(null, Object(Config\Cache), false)
 9 FCPATH\index.php(67): CodeIgniter\CodeIgniter->run()
CRITICAL - 2022-11-04 01:19:42 --> Undefined variable $productodb
in APPPATH\Views\frm_actualizar_sucursales.php on line 18.
 1 APPPATH\Views\frm_actualizar_sucursales.php(18): CodeIgniter\Debug\Exceptions->errorHandler(2, 'Undefined variable $productodb', 'APPPATH\\Views\\frm_actualizar_sucursales.php', 18)
 2 SYSTEMPATH\View\View.php(213): include('APPPATH\\Views\\frm_actualizar_sucursales.php')
 3 SYSTEMPATH\View\View.php(216): CodeIgniter\View\View->CodeIgniter\View\{closure}()
 4 SYSTEMPATH\Common.php(1137): CodeIgniter\View\View->render('frm_actualizar_sucursales', [], true)
 5 APPPATH\Controllers\Sucursales.php(61): view('frm_actualizar_sucursales', [...])
 6 SYSTEMPATH\CodeIgniter.php(898): App\Controllers\Sucursales->actualizar_sucursal('3')
 7 SYSTEMPATH\CodeIgniter.php(457): CodeIgniter\CodeIgniter->runController(Object(App\Controllers\Sucursales))
 8 SYSTEMPATH\CodeIgniter.php(340): CodeIgniter\CodeIgniter->handleRequest(null, Object(Config\Cache), false)
 9 FCPATH\index.php(67): CodeIgniter\CodeIgniter->run()
CRITICAL - 2022-11-04 01:21:44 --> Undefined variable $productodb
in APPPATH\Views\frm_actualizar_sucursales.php on line 18.
 1 APPPATH\Views\frm_actualizar_sucursales.php(18): CodeIgniter\Debug\Exceptions->errorHandler(2, 'Undefined variable $productodb', 'APPPATH\\Views\\frm_actualizar_sucursales.php', 18)
 2 SYSTEMPATH\View\View.php(213): include('APPPATH\\Views\\frm_actualizar_sucursales.php')
 3 SYSTEMPATH\View\View.php(216): CodeIgniter\View\View->CodeIgniter\View\{closure}()
 4 SYSTEMPATH\Common.php(1137): CodeIgniter\View\View->render('frm_actualizar_sucursales', [], true)
 5 APPPATH\Controllers\Sucursales.php(61): view('frm_actualizar_sucursales', [...])
 6 SYSTEMPATH\CodeIgniter.php(898): App\Controllers\Sucursales->actualizar_sucursal('1')
 7 SYSTEMPATH\CodeIgniter.php(457): CodeIgniter\CodeIgniter->runController(Object(App\Controllers\Sucursales))
 8 SYSTEMPATH\CodeIgniter.php(340): CodeIgniter\CodeIgniter->handleRequest(null, Object(Config\Cache), false)
 9 FCPATH\index.php(67): CodeIgniter\CodeIgniter->run()
CRITICAL - 2022-11-04 01:24:09 --> Undefined variable $productodb
in APPPATH\Views\frm_actualizar_sucursales.php on line 18.
 1 APPPATH\Views\frm_actualizar_sucursales.php(18): CodeIgniter\Debug\Exceptions->errorHandler(2, 'Undefined variable $productodb', 'APPPATH\\Views\\frm_actualizar_sucursales.php', 18)
 2 SYSTEMPATH\View\View.php(213): include('APPPATH\\Views\\frm_actualizar_sucursales.php')
 3 SYSTEMPATH\View\View.php(216): CodeIgniter\View\View->CodeIgniter\View\{closure}()
 4 SYSTEMPATH\Common.php(1137): CodeIgniter\View\View->render('frm_actualizar_sucursales', [], true)
 5 APPPATH\Controllers\Sucursales.php(61): view('frm_actualizar_sucursales', [...])
 6 SYSTEMPATH\CodeIgniter.php(898): App\Controllers\Sucursales->actualizar_sucursal('1')
 7 SYSTEMPATH\CodeIgniter.php(457): CodeIgniter\CodeIgniter->runController(Object(App\Controllers\Sucursales))
 8 SYSTEMPATH\CodeIgniter.php(340): CodeIgniter\CodeIgniter->handleRequest(null, Object(Config\Cache), false)
 9 FCPATH\index.php(67): CodeIgniter\CodeIgniter->run()
CRITICAL - 2022-11-04 01:25:34 --> Undefined variable $productodb
in APPPATH\Views\frm_actualizar_sucursales.php on line 18.
 1 APPPATH\Views\frm_actualizar_sucursales.php(18): CodeIgniter\Debug\Exceptions->errorHandler(2, 'Undefined variable $productodb', 'APPPATH\\Views\\frm_actualizar_sucursales.php', 18)
 2 SYSTEMPATH\View\View.php(213): include('APPPATH\\Views\\frm_actualizar_sucursales.php')
 3 SYSTEMPATH\View\View.php(216): CodeIgniter\View\View->CodeIgniter\View\{closure}()
 4 SYSTEMPATH\Common.php(1137): CodeIgniter\View\View->render('frm_actualizar_sucursales', [], true)
 5 APPPATH\Controllers\Sucursales.php(61): view('frm_actualizar_sucursales', [...])
 6 SYSTEMPATH\CodeIgniter.php(898): App\Controllers\Sucursales->actualizar_sucursal('3')
 7 SYSTEMPATH\CodeIgniter.php(457): CodeIgniter\CodeIgniter->runController(Object(App\Controllers\Sucursales))
 8 SYSTEMPATH\CodeIgniter.php(340): CodeIgniter\CodeIgniter->handleRequest(null, Object(Config\Cache), false)
 9 FCPATH\index.php(67): CodeIgniter\CodeIgniter->run()
CRITICAL - 2022-11-04 01:28:57 --> Undefined variable $productodb
in APPPATH\Views\frm_actualizar_sucursales.php on line 18.
 1 APPPATH\Views\frm_actualizar_sucursales.php(18): CodeIgniter\Debug\Exceptions->errorHandler(2, 'Undefined variable $productodb', 'APPPATH\\Views\\frm_actualizar_sucursales.php', 18)
 2 SYSTEMPATH\View\View.php(213): include('APPPATH\\Views\\frm_actualizar_sucursales.php')
 3 SYSTEMPATH\View\View.php(216): CodeIgniter\View\View->CodeIgniter\View\{closure}()
 4 SYSTEMPATH\Common.php(1137): CodeIgniter\View\View->render('frm_actualizar_sucursales', [], true)
 5 APPPATH\Controllers\Sucursales.php(61): view('frm_actualizar_sucursales', [...])
 6 SYSTEMPATH\CodeIgniter.php(898): App\Controllers\Sucursales->actualizar_sucursal('1')
 7 SYSTEMPATH\CodeIgniter.php(457): CodeIgniter\CodeIgniter->runController(Object(App\Controllers\Sucursales))
 8 SYSTEMPATH\CodeIgniter.php(340): CodeIgniter\CodeIgniter->handleRequest(null, Object(Config\Cache), false)
 9 FCPATH\index.php(67): CodeIgniter\CodeIgniter->run()
CRITICAL - 2022-11-04 01:29:33 --> Undefined variable $productodb
in APPPATH\Views\frm_actualizar_sucursales.php on line 18.
 1 APPPATH\Views\frm_actualizar_sucursales.php(18): CodeIgniter\Debug\Exceptions->errorHandler(2, 'Undefined variable $productodb', 'APPPATH\\Views\\frm_actualizar_sucursales.php', 18)
 2 SYSTEMPATH\View\View.php(213): include('APPPATH\\Views\\frm_actualizar_sucursales.php')
 3 SYSTEMPATH\View\View.php(216): CodeIgniter\View\View->CodeIgniter\View\{closure}()
 4 SYSTEMPATH\Common.php(1137): CodeIgniter\View\View->render('frm_actualizar_sucursales', [], true)
 5 APPPATH\Controllers\Sucursales.php(61): view('frm_actualizar_sucursales', [...])
 6 SYSTEMPATH\CodeIgniter.php(898): App\Controllers\Sucursales->actualizar_sucursal('1')
 7 SYSTEMPATH\CodeIgniter.php(457): CodeIgniter\CodeIgniter->runController(Object(App\Controllers\Sucursales))
 8 SYSTEMPATH\CodeIgniter.php(340): CodeIgniter\CodeIgniter->handleRequest(null, Object(Config\Cache), false)
 9 FCPATH\index.php(67): CodeIgniter\CodeIgniter->run()
CRITICAL - 2022-11-04 01:31:52 --> Undefined variable $productodb
in APPPATH\Views\frm_actualizar_sucursales.php on line 18.
 1 APPPATH\Views\frm_actualizar_sucursales.php(18): CodeIgniter\Debug\Exceptions->errorHandler(2, 'Undefined variable $productodb', 'APPPATH\\Views\\frm_actualizar_sucursales.php', 18)
 2 SYSTEMPATH\View\View.php(213): include('APPPATH\\Views\\frm_actualizar_sucursales.php')
 3 SYSTEMPATH\View\View.php(216): CodeIgniter\View\View->CodeIgniter\View\{closure}()
 4 SYSTEMPATH\Common.php(1137): CodeIgniter\View\View->render('frm_actualizar_sucursales', [], true)
 5 APPPATH\Controllers\Sucursales.php(61): view('frm_actualizar_sucursales', [...])
 6 SYSTEMPATH\CodeIgniter.php(898): App\Controllers\Sucursales->actualizar_sucursal('1')
 7 SYSTEMPATH\CodeIgniter.php(457): CodeIgniter\CodeIgniter->runController(Object(App\Controllers\Sucursales))
 8 SYSTEMPATH\CodeIgniter.php(340): CodeIgniter\CodeIgniter->handleRequest(null, Object(Config\Cache), false)
 9 FCPATH\index.php(67): CodeIgniter\CodeIgniter->run()
CRITICAL - 2022-11-04 01:38:07 --> Undefined variable $productodb
in APPPATH\Views\frm_actualizar_sucursales.php on line 18.
 1 APPPATH\Views\frm_actualizar_sucursales.php(18): CodeIgniter\Debug\Exceptions->errorHandler(2, 'Undefined variable $productodb', 'APPPATH\\Views\\frm_actualizar_sucursales.php', 18)
 2 SYSTEMPATH\View\View.php(213): include('APPPATH\\Views\\frm_actualizar_sucursales.php')
 3 SYSTEMPATH\View\View.php(216): CodeIgniter\View\View->CodeIgniter\View\{closure}()
 4 SYSTEMPATH\Common.php(1137): CodeIgniter\View\View->render('frm_actualizar_sucursales', [], true)
 5 APPPATH\Controllers\Sucursales.php(61): view('frm_actualizar_sucursales', [...])
 6 SYSTEMPATH\CodeIgniter.php(898): App\Controllers\Sucursales->actualizar_sucursal('1')
 7 SYSTEMPATH\CodeIgniter.php(457): CodeIgniter\CodeIgniter->runController(Object(App\Controllers\Sucursales))
 8 SYSTEMPATH\CodeIgniter.php(340): CodeIgniter\CodeIgniter->handleRequest(null, Object(Config\Cache), false)
 9 FCPATH\index.php(67): CodeIgniter\CodeIgniter->run()
CRITICAL - 2022-11-04 01:38:19 --> Undefined variable $productodb
in APPPATH\Views\frm_actualizar_sucursales.php on line 18.
 1 APPPATH\Views\frm_actualizar_sucursales.php(18): CodeIgniter\Debug\Exceptions->errorHandler(2, 'Undefined variable $productodb', 'APPPATH\\Views\\frm_actualizar_sucursales.php', 18)
 2 SYSTEMPATH\View\View.php(213): include('APPPATH\\Views\\frm_actualizar_sucursales.php')
 3 SYSTEMPATH\View\View.php(216): CodeIgniter\View\View->CodeIgniter\View\{closure}()
 4 SYSTEMPATH\Common.php(1137): CodeIgniter\View\View->render('frm_actualizar_sucursales', [], true)
 5 APPPATH\Controllers\Sucursales.php(61): view('frm_actualizar_sucursales', [...])
 6 SYSTEMPATH\CodeIgniter.php(898): App\Controllers\Sucursales->actualizar_sucursal('1')
 7 SYSTEMPATH\CodeIgniter.php(457): CodeIgniter\CodeIgniter->runController(Object(App\Controllers\Sucursales))
 8 SYSTEMPATH\CodeIgniter.php(340): CodeIgniter\CodeIgniter->handleRequest(null, Object(Config\Cache), false)
 9 FCPATH\index.php(67): CodeIgniter\CodeIgniter->run()
CRITICAL - 2022-11-04 01:42:09 --> Undefined variable $productodb
in APPPATH\Views\frm_actualizar_sucursales.php on line 18.
 1 APPPATH\Views\frm_actualizar_sucursales.php(18): CodeIgniter\Debug\Exceptions->errorHandler(2, 'Undefined variable $productodb', 'APPPATH\\Views\\frm_actualizar_sucursales.php', 18)
 2 SYSTEMPATH\View\View.php(213): include('APPPATH\\Views\\frm_actualizar_sucursales.php')
 3 SYSTEMPATH\View\View.php(216): CodeIgniter\View\View->CodeIgniter\View\{closure}()
 4 SYSTEMPATH\Common.php(1137): CodeIgniter\View\View->render('frm_actualizar_sucursales', [], true)
 5 APPPATH\Controllers\Sucursales.php(63): view('frm_actualizar_sucursales', [...])
 6 SYSTEMPATH\CodeIgniter.php(898): App\Controllers\Sucursales->actualizar_sucursal('1')
 7 SYSTEMPATH\CodeIgniter.php(457): CodeIgniter\CodeIgniter->runController(Object(App\Controllers\Sucursales))
 8 SYSTEMPATH\CodeIgniter.php(340): CodeIgniter\CodeIgniter->handleRequest(null, Object(Config\Cache), false)
 9 FCPATH\index.php(67): CodeIgniter\CodeIgniter->run()
