ERROR - 2022-11-06 00:09:28 --> mysqli_sql_exception: Duplicate entry '1-1' for key 'id_producto' in C:\xampp\htdocs\codeigniter4-CodeIgniter4-proyecto-grupal\system\Database\MySQLi\Connection.php:292
Stack trace:
#0 C:\xampp\htdocs\codeigniter4-CodeIgniter4-proyecto-grupal\system\Database\MySQLi\Connection.php(292): mysqli->query('INSERT INTO `de...', 0)
#1 C:\xampp\htdocs\codeigniter4-CodeIgniter4-proyecto-grupal\system\Database\BaseConnection.php(693): CodeIgniter\Database\MySQLi\Connection->execute('INSERT INTO `de...')
#2 C:\xampp\htdocs\codeigniter4-CodeIgniter4-proyecto-grupal\system\Database\BaseConnection.php(620): CodeIgniter\Database\BaseConnection->simpleQuery('INSERT INTO `de...')
#3 C:\xampp\htdocs\codeigniter4-CodeIgniter4-proyecto-grupal\system\Database\BaseBuilder.php(1916): CodeIgniter\Database\BaseConnection->query('INSERT INTO `de...', Array, false)
#4 C:\xampp\htdocs\codeigniter4-CodeIgniter4-proyecto-grupal\system\Model.php(278): CodeIgniter\Database\BaseBuilder->insert()
#5 C:\xampp\htdocs\codeigniter4-CodeIgniter4-proyecto-grupal\system\BaseModel.php(738): CodeIgniter\Model->doInsert(Array)
#6 C:\xampp\htdocs\codeigniter4-CodeIgniter4-proyecto-grupal\system\Model.php(666): CodeIgniter\BaseModel->insert(Array, true)
#7 C:\xampp\htdocs\codeigniter4-CodeIgniter4-proyecto-grupal\app\Controllers\Detalle_Facturas.php(47): CodeIgniter\Model->insert(Array)
#8 C:\xampp\htdocs\codeigniter4-CodeIgniter4-proyecto-grupal\system\CodeIgniter.php(898): App\Controllers\Detalle_Facturas->agregar_detalle()
#9 C:\xampp\htdocs\codeigniter4-CodeIgniter4-proyecto-grupal\system\CodeIgniter.php(457): CodeIgniter\CodeIgniter->runController(Object(App\Controllers\Detalle_Facturas))
#10 C:\xampp\htdocs\codeigniter4-CodeIgniter4-proyecto-grupal\system\CodeIgniter.php(340): CodeIgniter\CodeIgniter->handleRequest(NULL, Object(Config\Cache), false)
#11 C:\xampp\htdocs\codeigniter4-CodeIgniter4-proyecto-grupal\public\index.php(67): CodeIgniter\CodeIgniter->run()
#12 {main}
ERROR - 2022-11-06 00:10:30 --> mysqli_sql_exception: Cannot add or update a child row: a foreign key constraint fails (`bd_amatista`.`detalle_facturas`, CONSTRAINT `detalle_facturas_ibfk_3` FOREIGN KEY (`no_venta`) REFERENCES `facturas` (`no_venta`) ON DELETE CASCADE ON UPDATE CASCADE) in C:\xampp\htdocs\codeigniter4-CodeIgniter4-proyecto-grupal\system\Database\MySQLi\Connection.php:292
Stack trace:
#0 C:\xampp\htdocs\codeigniter4-CodeIgniter4-proyecto-grupal\system\Database\MySQLi\Connection.php(292): mysqli->query('INSERT INTO `de...', 0)
#1 C:\xampp\htdocs\codeigniter4-CodeIgniter4-proyecto-grupal\system\Database\BaseConnection.php(693): CodeIgniter\Database\MySQLi\Connection->execute('INSERT INTO `de...')
#2 C:\xampp\htdocs\codeigniter4-CodeIgniter4-proyecto-grupal\system\Database\BaseConnection.php(620): CodeIgniter\Database\BaseConnection->simpleQuery('INSERT INTO `de...')
#3 C:\xampp\htdocs\codeigniter4-CodeIgniter4-proyecto-grupal\system\Database\BaseBuilder.php(1916): CodeIgniter\Database\BaseConnection->query('INSERT INTO `de...', Array, false)
#4 C:\xampp\htdocs\codeigniter4-CodeIgniter4-proyecto-grupal\system\Model.php(278): CodeIgniter\Database\BaseBuilder->insert()
#5 C:\xampp\htdocs\codeigniter4-CodeIgniter4-proyecto-grupal\system\BaseModel.php(738): CodeIgniter\Model->doInsert(Array)
#6 C:\xampp\htdocs\codeigniter4-CodeIgniter4-proyecto-grupal\system\Model.php(666): CodeIgniter\BaseModel->insert(Array, true)
#7 C:\xampp\htdocs\codeigniter4-CodeIgniter4-proyecto-grupal\app\Controllers\Detalle_Facturas.php(47): CodeIgniter\Model->insert(Array)
#8 C:\xampp\htdocs\codeigniter4-CodeIgniter4-proyecto-grupal\system\CodeIgniter.php(898): App\Controllers\Detalle_Facturas->agregar_detalle()
#9 C:\xampp\htdocs\codeigniter4-CodeIgniter4-proyecto-grupal\system\CodeIgniter.php(457): CodeIgniter\CodeIgniter->runController(Object(App\Controllers\Detalle_Facturas))
#10 C:\xampp\htdocs\codeigniter4-CodeIgniter4-proyecto-grupal\system\CodeIgniter.php(340): CodeIgniter\CodeIgniter->handleRequest(NULL, Object(Config\Cache), false)
#11 C:\xampp\htdocs\codeigniter4-CodeIgniter4-proyecto-grupal\public\index.php(67): CodeIgniter\CodeIgniter->run()
#12 {main}
ERROR - 2022-11-06 00:10:55 --> mysqli_sql_exception: Cannot add or update a child row: a foreign key constraint fails (`bd_amatista`.`detalle_facturas`, CONSTRAINT `detalle_facturas_ibfk_3` FOREIGN KEY (`no_venta`) REFERENCES `facturas` (`no_venta`) ON DELETE CASCADE ON UPDATE CASCADE) in C:\xampp\htdocs\codeigniter4-CodeIgniter4-proyecto-grupal\system\Database\MySQLi\Connection.php:292
Stack trace:
#0 C:\xampp\htdocs\codeigniter4-CodeIgniter4-proyecto-grupal\system\Database\MySQLi\Connection.php(292): mysqli->query('INSERT INTO `de...', 0)
#1 C:\xampp\htdocs\codeigniter4-CodeIgniter4-proyecto-grupal\system\Database\BaseConnection.php(693): CodeIgniter\Database\MySQLi\Connection->execute('INSERT INTO `de...')
#2 C:\xampp\htdocs\codeigniter4-CodeIgniter4-proyecto-grupal\system\Database\BaseConnection.php(620): CodeIgniter\Database\BaseConnection->simpleQuery('INSERT INTO `de...')
#3 C:\xampp\htdocs\codeigniter4-CodeIgniter4-proyecto-grupal\system\Database\BaseBuilder.php(1916): CodeIgniter\Database\BaseConnection->query('INSERT INTO `de...', Array, false)
#4 C:\xampp\htdocs\codeigniter4-CodeIgniter4-proyecto-grupal\system\Model.php(278): CodeIgniter\Database\BaseBuilder->insert()
#5 C:\xampp\htdocs\codeigniter4-CodeIgniter4-proyecto-grupal\system\BaseModel.php(738): CodeIgniter\Model->doInsert(Array)
#6 C:\xampp\htdocs\codeigniter4-CodeIgniter4-proyecto-grupal\system\Model.php(666): CodeIgniter\BaseModel->insert(Array, true)
#7 C:\xampp\htdocs\codeigniter4-CodeIgniter4-proyecto-grupal\app\Controllers\Detalle_Facturas.php(47): CodeIgniter\Model->insert(Array)
#8 C:\xampp\htdocs\codeigniter4-CodeIgniter4-proyecto-grupal\system\CodeIgniter.php(898): App\Controllers\Detalle_Facturas->agregar_detalle()
#9 C:\xampp\htdocs\codeigniter4-CodeIgniter4-proyecto-grupal\system\CodeIgniter.php(457): CodeIgniter\CodeIgniter->runController(Object(App\Controllers\Detalle_Facturas))
#10 C:\xampp\htdocs\codeigniter4-CodeIgniter4-proyecto-grupal\system\CodeIgniter.php(340): CodeIgniter\CodeIgniter->handleRequest(NULL, Object(Config\Cache), false)
#11 C:\xampp\htdocs\codeigniter4-CodeIgniter4-proyecto-grupal\public\index.php(67): CodeIgniter\CodeIgniter->run()
#12 {main}
CRITICAL - 2022-11-06 00:13:27 --> Undefined array key "correlativo"
in APPPATH\Views\frml_actualizar_detalles.php on line 18.
 1 APPPATH\Views\frml_actualizar_detalles.php(18): CodeIgniter\Debug\Exceptions->errorHandler(2, 'Undefined array key "correlativo"', 'APPPATH\\Views\\frml_actualizar_detalles.php', 18)
 2 SYSTEMPATH\View\View.php(213): include('APPPATH\\Views\\frml_actualizar_detalles.php')
 3 SYSTEMPATH\View\View.php(216): CodeIgniter\View\View->CodeIgniter\View\{closure}()
 4 SYSTEMPATH\Common.php(1137): CodeIgniter\View\View->render('frml_actualizar_detalles', [], true)
 5 APPPATH\Controllers\Detalle_Facturas.php(75): view('frml_actualizar_detalles', [...])
 6 SYSTEMPATH\CodeIgniter.php(898): App\Controllers\Detalle_Facturas->actualizar_detalle('3')
 7 SYSTEMPATH\CodeIgniter.php(457): CodeIgniter\CodeIgniter->runController(Object(App\Controllers\Detalle_Facturas))
 8 SYSTEMPATH\CodeIgniter.php(340): CodeIgniter\CodeIgniter->handleRequest(null, Object(Config\Cache), false)
 9 FCPATH\index.php(67): CodeIgniter\CodeIgniter->run()
CRITICAL - 2022-11-06 00:13:53 --> Undefined array key "correlativo"
in APPPATH\Views\frml_actualizar_detalles.php on line 18.
 1 APPPATH\Views\frml_actualizar_detalles.php(18): CodeIgniter\Debug\Exceptions->errorHandler(2, 'Undefined array key "correlativo"', 'APPPATH\\Views\\frml_actualizar_detalles.php', 18)
 2 SYSTEMPATH\View\View.php(213): include('APPPATH\\Views\\frml_actualizar_detalles.php')
 3 SYSTEMPATH\View\View.php(216): CodeIgniter\View\View->CodeIgniter\View\{closure}()
 4 SYSTEMPATH\Common.php(1137): CodeIgniter\View\View->render('frml_actualizar_detalles', [], true)
 5 APPPATH\Controllers\Detalle_Facturas.php(75): view('frml_actualizar_detalles', [...])
 6 SYSTEMPATH\CodeIgniter.php(898): App\Controllers\Detalle_Facturas->actualizar_detalle('2')
 7 SYSTEMPATH\CodeIgniter.php(457): CodeIgniter\CodeIgniter->runController(Object(App\Controllers\Detalle_Facturas))
 8 SYSTEMPATH\CodeIgniter.php(340): CodeIgniter\CodeIgniter->handleRequest(null, Object(Config\Cache), false)
 9 FCPATH\index.php(67): CodeIgniter\CodeIgniter->run()
CRITICAL - 2022-11-06 00:14:17 --> Undefined array key "correlativo"
in APPPATH\Views\frml_actualizar_detalles.php on line 18.
 1 APPPATH\Views\frml_actualizar_detalles.php(18): CodeIgniter\Debug\Exceptions->errorHandler(2, 'Undefined array key "correlativo"', 'APPPATH\\Views\\frml_actualizar_detalles.php', 18)
 2 SYSTEMPATH\View\View.php(213): include('APPPATH\\Views\\frml_actualizar_detalles.php')
 3 SYSTEMPATH\View\View.php(216): CodeIgniter\View\View->CodeIgniter\View\{closure}()
 4 SYSTEMPATH\Common.php(1137): CodeIgniter\View\View->render('frml_actualizar_detalles', [], true)
 5 APPPATH\Controllers\Detalle_Facturas.php(75): view('frml_actualizar_detalles', [...])
 6 SYSTEMPATH\CodeIgniter.php(898): App\Controllers\Detalle_Facturas->actualizar_detalle('1')
 7 SYSTEMPATH\CodeIgniter.php(457): CodeIgniter\CodeIgniter->runController(Object(App\Controllers\Detalle_Facturas))
 8 SYSTEMPATH\CodeIgniter.php(340): CodeIgniter\CodeIgniter->handleRequest(null, Object(Config\Cache), false)
 9 FCPATH\index.php(67): CodeIgniter\CodeIgniter->run()
CRITICAL - 2022-11-06 00:14:45 --> Undefined array key "correlativo"
in APPPATH\Views\frml_actualizar_detalles.php on line 18.
 1 APPPATH\Views\frml_actualizar_detalles.php(18): CodeIgniter\Debug\Exceptions->errorHandler(2, 'Undefined array key "correlativo"', 'APPPATH\\Views\\frml_actualizar_detalles.php', 18)
 2 SYSTEMPATH\View\View.php(213): include('APPPATH\\Views\\frml_actualizar_detalles.php')
 3 SYSTEMPATH\View\View.php(216): CodeIgniter\View\View->CodeIgniter\View\{closure}()
 4 SYSTEMPATH\Common.php(1137): CodeIgniter\View\View->render('frml_actualizar_detalles', [], true)
 5 APPPATH\Controllers\Detalle_Facturas.php(75): view('frml_actualizar_detalles', [...])
 6 SYSTEMPATH\CodeIgniter.php(898): App\Controllers\Detalle_Facturas->actualizar_detalle('1')
 7 SYSTEMPATH\CodeIgniter.php(457): CodeIgniter\CodeIgniter->runController(Object(App\Controllers\Detalle_Facturas))
 8 SYSTEMPATH\CodeIgniter.php(340): CodeIgniter\CodeIgniter->handleRequest(null, Object(Config\Cache), false)
 9 FCPATH\index.php(67): CodeIgniter\CodeIgniter->run()
CRITICAL - 2022-11-06 00:14:47 --> Undefined array key "correlativo"
in APPPATH\Views\frml_actualizar_detalles.php on line 18.
 1 APPPATH\Views\frml_actualizar_detalles.php(18): CodeIgniter\Debug\Exceptions->errorHandler(2, 'Undefined array key "correlativo"', 'APPPATH\\Views\\frml_actualizar_detalles.php', 18)
 2 SYSTEMPATH\View\View.php(213): include('APPPATH\\Views\\frml_actualizar_detalles.php')
 3 SYSTEMPATH\View\View.php(216): CodeIgniter\View\View->CodeIgniter\View\{closure}()
 4 SYSTEMPATH\Common.php(1137): CodeIgniter\View\View->render('frml_actualizar_detalles', [], true)
 5 APPPATH\Controllers\Detalle_Facturas.php(75): view('frml_actualizar_detalles', [...])
 6 SYSTEMPATH\CodeIgniter.php(898): App\Controllers\Detalle_Facturas->actualizar_detalle('1')
 7 SYSTEMPATH\CodeIgniter.php(457): CodeIgniter\CodeIgniter->runController(Object(App\Controllers\Detalle_Facturas))
 8 SYSTEMPATH\CodeIgniter.php(340): CodeIgniter\CodeIgniter->handleRequest(null, Object(Config\Cache), false)
 9 FCPATH\index.php(67): CodeIgniter\CodeIgniter->run()
CRITICAL - 2022-11-06 00:15:13 --> Undefined array key "correlativo"
in APPPATH\Views\frml_actualizar_detalles.php on line 18.
 1 APPPATH\Views\frml_actualizar_detalles.php(18): CodeIgniter\Debug\Exceptions->errorHandler(2, 'Undefined array key "correlativo"', 'APPPATH\\Views\\frml_actualizar_detalles.php', 18)
 2 SYSTEMPATH\View\View.php(213): include('APPPATH\\Views\\frml_actualizar_detalles.php')
 3 SYSTEMPATH\View\View.php(216): CodeIgniter\View\View->CodeIgniter\View\{closure}()
 4 SYSTEMPATH\Common.php(1137): CodeIgniter\View\View->render('frml_actualizar_detalles', [], true)
 5 APPPATH\Controllers\Detalle_Facturas.php(75): view('frml_actualizar_detalles', [...])
 6 SYSTEMPATH\CodeIgniter.php(898): App\Controllers\Detalle_Facturas->actualizar_detalle('1')
 7 SYSTEMPATH\CodeIgniter.php(457): CodeIgniter\CodeIgniter->runController(Object(App\Controllers\Detalle_Facturas))
 8 SYSTEMPATH\CodeIgniter.php(340): CodeIgniter\CodeIgniter->handleRequest(null, Object(Config\Cache), false)
 9 FCPATH\index.php(67): CodeIgniter\CodeIgniter->run()
CRITICAL - 2022-11-06 00:19:09 --> Undefined array key "correlativo"
in APPPATH\Views\frml_actualizar_detalles.php on line 18.
 1 APPPATH\Views\frml_actualizar_detalles.php(18): CodeIgniter\Debug\Exceptions->errorHandler(2, 'Undefined array key "correlativo"', 'APPPATH\\Views\\frml_actualizar_detalles.php', 18)
 2 SYSTEMPATH\View\View.php(213): include('APPPATH\\Views\\frml_actualizar_detalles.php')
 3 SYSTEMPATH\View\View.php(216): CodeIgniter\View\View->CodeIgniter\View\{closure}()
 4 SYSTEMPATH\Common.php(1137): CodeIgniter\View\View->render('frml_actualizar_detalles', [], true)
 5 APPPATH\Controllers\Detalle_Facturas.php(75): view('frml_actualizar_detalles', [...])
 6 SYSTEMPATH\CodeIgniter.php(898): App\Controllers\Detalle_Facturas->actualizar_detalle('1')
 7 SYSTEMPATH\CodeIgniter.php(457): CodeIgniter\CodeIgniter->runController(Object(App\Controllers\Detalle_Facturas))
 8 SYSTEMPATH\CodeIgniter.php(340): CodeIgniter\CodeIgniter->handleRequest(null, Object(Config\Cache), false)
 9 FCPATH\index.php(67): CodeIgniter\CodeIgniter->run()
CRITICAL - 2022-11-06 00:27:11 --> Undefined array key "correlativo"
in APPPATH\Views\frml_actualizar_detalles.php on line 18.
 1 APPPATH\Views\frml_actualizar_detalles.php(18): CodeIgniter\Debug\Exceptions->errorHandler(2, 'Undefined array key "correlativo"', 'APPPATH\\Views\\frml_actualizar_detalles.php', 18)
 2 SYSTEMPATH\View\View.php(213): include('APPPATH\\Views\\frml_actualizar_detalles.php')
 3 SYSTEMPATH\View\View.php(216): CodeIgniter\View\View->CodeIgniter\View\{closure}()
 4 SYSTEMPATH\Common.php(1137): CodeIgniter\View\View->render('frml_actualizar_detalles', [], true)
 5 APPPATH\Controllers\Detalle_Facturas.php(76): view('frml_actualizar_detalles', [...])
 6 SYSTEMPATH\CodeIgniter.php(898): App\Controllers\Detalle_Facturas->actualizar_detalle('1')
 7 SYSTEMPATH\CodeIgniter.php(457): CodeIgniter\CodeIgniter->runController(Object(App\Controllers\Detalle_Facturas))
 8 SYSTEMPATH\CodeIgniter.php(340): CodeIgniter\CodeIgniter->handleRequest(null, Object(Config\Cache), false)
 9 FCPATH\index.php(67): CodeIgniter\CodeIgniter->run()
ERROR - 2022-11-06 00:31:15 --> mysqli_sql_exception: Cannot add or update a child row: a foreign key constraint fails (`bd_amatista`.`detalle_facturas`, CONSTRAINT `detalle_facturas_ibfk_1` FOREIGN KEY (`id_producto`) REFERENCES `bodegas` (`id_producto`) ON DELETE CASCADE ON UPDATE CASCADE) in C:\xampp\htdocs\codeigniter4-CodeIgniter4-proyecto-grupal\system\Database\MySQLi\Connection.php:292
Stack trace:
#0 C:\xampp\htdocs\codeigniter4-CodeIgniter4-proyecto-grupal\system\Database\MySQLi\Connection.php(292): mysqli->query('UPDATE `detalle...', 0)
#1 C:\xampp\htdocs\codeigniter4-CodeIgniter4-proyecto-grupal\system\Database\BaseConnection.php(693): CodeIgniter\Database\MySQLi\Connection->execute('UPDATE `detalle...')
#2 C:\xampp\htdocs\codeigniter4-CodeIgniter4-proyecto-grupal\system\Database\BaseConnection.php(620): CodeIgniter\Database\BaseConnection->simpleQuery('UPDATE `detalle...')
#3 C:\xampp\htdocs\codeigniter4-CodeIgniter4-proyecto-grupal\system\Database\BaseBuilder.php(2078): CodeIgniter\Database\BaseConnection->query('UPDATE `detalle...', Array, false)
#4 C:\xampp\htdocs\codeigniter4-CodeIgniter4-proyecto-grupal\system\Model.php(337): CodeIgniter\Database\BaseBuilder->update()
#5 C:\xampp\htdocs\codeigniter4-CodeIgniter4-proyecto-grupal\system\BaseModel.php(865): CodeIgniter\Model->doUpdate(NULL, Array)
#6 C:\xampp\htdocs\codeigniter4-CodeIgniter4-proyecto-grupal\system\Model.php(692): CodeIgniter\BaseModel->update(NULL, Array)
#7 C:\xampp\htdocs\codeigniter4-CodeIgniter4-proyecto-grupal\app\Controllers\Detalle_Facturas.php(99): CodeIgniter\Model->update(NULL, Array)
#8 C:\xampp\htdocs\codeigniter4-CodeIgniter4-proyecto-grupal\system\CodeIgniter.php(898): App\Controllers\Detalle_Facturas->actualizarDetalle()
#9 C:\xampp\htdocs\codeigniter4-CodeIgniter4-proyecto-grupal\system\CodeIgniter.php(457): CodeIgniter\CodeIgniter->runController(Object(App\Controllers\Detalle_Facturas))
#10 C:\xampp\htdocs\codeigniter4-CodeIgniter4-proyecto-grupal\system\CodeIgniter.php(340): CodeIgniter\CodeIgniter->handleRequest(NULL, Object(Config\Cache), false)
#11 C:\xampp\htdocs\codeigniter4-CodeIgniter4-proyecto-grupal\public\index.php(67): CodeIgniter\CodeIgniter->run()
#12 {main}
CRITICAL - 2022-11-06 00:31:15 --> Undefined variable $productos
in APPPATH\Views\Detalle_Facturas.php on line 65.
 1 APPPATH\Views\Detalle_Facturas.php(65): CodeIgniter\Debug\Exceptions->errorHandler(2, 'Undefined variable $productos', 'APPPATH\\Views\\Detalle_Facturas.php', 65)
 2 SYSTEMPATH\View\View.php(213): include('APPPATH\\Views\\Detalle_Facturas.php')
 3 SYSTEMPATH\View\View.php(216): CodeIgniter\View\View->CodeIgniter\View\{closure}()
 4 SYSTEMPATH\Common.php(1137): CodeIgniter\View\View->render('Detalle_Facturas', [], true)
 5 APPPATH\Controllers\Detalle_Facturas.php(101): view('Detalle_Facturas', [...])
 6 SYSTEMPATH\CodeIgniter.php(898): App\Controllers\Detalle_Facturas->actualizarDetalle()
 7 SYSTEMPATH\CodeIgniter.php(457): CodeIgniter\CodeIgniter->runController(Object(App\Controllers\Detalle_Facturas))
 8 SYSTEMPATH\CodeIgniter.php(340): CodeIgniter\CodeIgniter->handleRequest(null, Object(Config\Cache), false)
 9 FCPATH\index.php(67): CodeIgniter\CodeIgniter->run()
ERROR - 2022-11-06 00:31:33 --> mysqli_sql_exception: Cannot add or update a child row: a foreign key constraint fails (`bd_amatista`.`detalle_facturas`, CONSTRAINT `detalle_facturas_ibfk_1` FOREIGN KEY (`id_producto`) REFERENCES `bodegas` (`id_producto`) ON DELETE CASCADE ON UPDATE CASCADE) in C:\xampp\htdocs\codeigniter4-CodeIgniter4-proyecto-grupal\system\Database\MySQLi\Connection.php:292
Stack trace:
#0 C:\xampp\htdocs\codeigniter4-CodeIgniter4-proyecto-grupal\system\Database\MySQLi\Connection.php(292): mysqli->query('UPDATE `detalle...', 0)
#1 C:\xampp\htdocs\codeigniter4-CodeIgniter4-proyecto-grupal\system\Database\BaseConnection.php(693): CodeIgniter\Database\MySQLi\Connection->execute('UPDATE `detalle...')
#2 C:\xampp\htdocs\codeigniter4-CodeIgniter4-proyecto-grupal\system\Database\BaseConnection.php(620): CodeIgniter\Database\BaseConnection->simpleQuery('UPDATE `detalle...')
#3 C:\xampp\htdocs\codeigniter4-CodeIgniter4-proyecto-grupal\system\Database\BaseBuilder.php(2078): CodeIgniter\Database\BaseConnection->query('UPDATE `detalle...', Array, false)
#4 C:\xampp\htdocs\codeigniter4-CodeIgniter4-proyecto-grupal\system\Model.php(337): CodeIgniter\Database\BaseBuilder->update()
#5 C:\xampp\htdocs\codeigniter4-CodeIgniter4-proyecto-grupal\system\BaseModel.php(865): CodeIgniter\Model->doUpdate(NULL, Array)
#6 C:\xampp\htdocs\codeigniter4-CodeIgniter4-proyecto-grupal\system\Model.php(692): CodeIgniter\BaseModel->update(NULL, Array)
#7 C:\xampp\htdocs\codeigniter4-CodeIgniter4-proyecto-grupal\app\Controllers\Detalle_Facturas.php(99): CodeIgniter\Model->update(NULL, Array)
#8 C:\xampp\htdocs\codeigniter4-CodeIgniter4-proyecto-grupal\system\CodeIgniter.php(898): App\Controllers\Detalle_Facturas->actualizarDetalle()
#9 C:\xampp\htdocs\codeigniter4-CodeIgniter4-proyecto-grupal\system\CodeIgniter.php(457): CodeIgniter\CodeIgniter->runController(Object(App\Controllers\Detalle_Facturas))
#10 C:\xampp\htdocs\codeigniter4-CodeIgniter4-proyecto-grupal\system\CodeIgniter.php(340): CodeIgniter\CodeIgniter->handleRequest(NULL, Object(Config\Cache), false)
#11 C:\xampp\htdocs\codeigniter4-CodeIgniter4-proyecto-grupal\public\index.php(67): CodeIgniter\CodeIgniter->run()
#12 {main}
CRITICAL - 2022-11-06 00:31:33 --> Undefined variable $productos
in APPPATH\Views\Detalle_Facturas.php on line 65.
 1 APPPATH\Views\Detalle_Facturas.php(65): CodeIgniter\Debug\Exceptions->errorHandler(2, 'Undefined variable $productos', 'APPPATH\\Views\\Detalle_Facturas.php', 65)
 2 SYSTEMPATH\View\View.php(213): include('APPPATH\\Views\\Detalle_Facturas.php')
 3 SYSTEMPATH\View\View.php(216): CodeIgniter\View\View->CodeIgniter\View\{closure}()
 4 SYSTEMPATH\Common.php(1137): CodeIgniter\View\View->render('Detalle_Facturas', [], true)
 5 APPPATH\Controllers\Detalle_Facturas.php(101): view('Detalle_Facturas', [...])
 6 SYSTEMPATH\CodeIgniter.php(898): App\Controllers\Detalle_Facturas->actualizarDetalle()
 7 SYSTEMPATH\CodeIgniter.php(457): CodeIgniter\CodeIgniter->runController(Object(App\Controllers\Detalle_Facturas))
 8 SYSTEMPATH\CodeIgniter.php(340): CodeIgniter\CodeIgniter->handleRequest(null, Object(Config\Cache), false)
 9 FCPATH\index.php(67): CodeIgniter\CodeIgniter->run()
ERROR - 2022-11-06 00:31:43 --> mysqli_sql_exception: Cannot add or update a child row: a foreign key constraint fails (`bd_amatista`.`detalle_facturas`, CONSTRAINT `detalle_facturas_ibfk_1` FOREIGN KEY (`id_producto`) REFERENCES `bodegas` (`id_producto`) ON DELETE CASCADE ON UPDATE CASCADE) in C:\xampp\htdocs\codeigniter4-CodeIgniter4-proyecto-grupal\system\Database\MySQLi\Connection.php:292
Stack trace:
#0 C:\xampp\htdocs\codeigniter4-CodeIgniter4-proyecto-grupal\system\Database\MySQLi\Connection.php(292): mysqli->query('UPDATE `detalle...', 0)
#1 C:\xampp\htdocs\codeigniter4-CodeIgniter4-proyecto-grupal\system\Database\BaseConnection.php(693): CodeIgniter\Database\MySQLi\Connection->execute('UPDATE `detalle...')
#2 C:\xampp\htdocs\codeigniter4-CodeIgniter4-proyecto-grupal\system\Database\BaseConnection.php(620): CodeIgniter\Database\BaseConnection->simpleQuery('UPDATE `detalle...')
#3 C:\xampp\htdocs\codeigniter4-CodeIgniter4-proyecto-grupal\system\Database\BaseBuilder.php(2078): CodeIgniter\Database\BaseConnection->query('UPDATE `detalle...', Array, false)
#4 C:\xampp\htdocs\codeigniter4-CodeIgniter4-proyecto-grupal\system\Model.php(337): CodeIgniter\Database\BaseBuilder->update()
#5 C:\xampp\htdocs\codeigniter4-CodeIgniter4-proyecto-grupal\system\BaseModel.php(865): CodeIgniter\Model->doUpdate(NULL, Array)
#6 C:\xampp\htdocs\codeigniter4-CodeIgniter4-proyecto-grupal\system\Model.php(692): CodeIgniter\BaseModel->update(NULL, Array)
#7 C:\xampp\htdocs\codeigniter4-CodeIgniter4-proyecto-grupal\app\Controllers\Detalle_Facturas.php(99): CodeIgniter\Model->update(NULL, Array)
#8 C:\xampp\htdocs\codeigniter4-CodeIgniter4-proyecto-grupal\system\CodeIgniter.php(898): App\Controllers\Detalle_Facturas->actualizarDetalle()
#9 C:\xampp\htdocs\codeigniter4-CodeIgniter4-proyecto-grupal\system\CodeIgniter.php(457): CodeIgniter\CodeIgniter->runController(Object(App\Controllers\Detalle_Facturas))
#10 C:\xampp\htdocs\codeigniter4-CodeIgniter4-proyecto-grupal\system\CodeIgniter.php(340): CodeIgniter\CodeIgniter->handleRequest(NULL, Object(Config\Cache), false)
#11 C:\xampp\htdocs\codeigniter4-CodeIgniter4-proyecto-grupal\public\index.php(67): CodeIgniter\CodeIgniter->run()
#12 {main}
CRITICAL - 2022-11-06 00:31:43 --> Undefined variable $productos
in APPPATH\Views\Detalle_Facturas.php on line 65.
 1 APPPATH\Views\Detalle_Facturas.php(65): CodeIgniter\Debug\Exceptions->errorHandler(2, 'Undefined variable $productos', 'APPPATH\\Views\\Detalle_Facturas.php', 65)
 2 SYSTEMPATH\View\View.php(213): include('APPPATH\\Views\\Detalle_Facturas.php')
 3 SYSTEMPATH\View\View.php(216): CodeIgniter\View\View->CodeIgniter\View\{closure}()
 4 SYSTEMPATH\Common.php(1137): CodeIgniter\View\View->render('Detalle_Facturas', [], true)
 5 APPPATH\Controllers\Detalle_Facturas.php(101): view('Detalle_Facturas', [...])
 6 SYSTEMPATH\CodeIgniter.php(898): App\Controllers\Detalle_Facturas->actualizarDetalle()
 7 SYSTEMPATH\CodeIgniter.php(457): CodeIgniter\CodeIgniter->runController(Object(App\Controllers\Detalle_Facturas))
 8 SYSTEMPATH\CodeIgniter.php(340): CodeIgniter\CodeIgniter->handleRequest(null, Object(Config\Cache), false)
 9 FCPATH\index.php(67): CodeIgniter\CodeIgniter->run()
ERROR - 2022-11-06 00:32:08 --> mysqli_sql_exception: Cannot add or update a child row: a foreign key constraint fails (`bd_amatista`.`detalle_facturas`, CONSTRAINT `detalle_facturas_ibfk_1` FOREIGN KEY (`id_producto`) REFERENCES `bodegas` (`id_producto`) ON DELETE CASCADE ON UPDATE CASCADE) in C:\xampp\htdocs\codeigniter4-CodeIgniter4-proyecto-grupal\system\Database\MySQLi\Connection.php:292
Stack trace:
#0 C:\xampp\htdocs\codeigniter4-CodeIgniter4-proyecto-grupal\system\Database\MySQLi\Connection.php(292): mysqli->query('UPDATE `detalle...', 0)
#1 C:\xampp\htdocs\codeigniter4-CodeIgniter4-proyecto-grupal\system\Database\BaseConnection.php(693): CodeIgniter\Database\MySQLi\Connection->execute('UPDATE `detalle...')
#2 C:\xampp\htdocs\codeigniter4-CodeIgniter4-proyecto-grupal\system\Database\BaseConnection.php(620): CodeIgniter\Database\BaseConnection->simpleQuery('UPDATE `detalle...')
#3 C:\xampp\htdocs\codeigniter4-CodeIgniter4-proyecto-grupal\system\Database\BaseBuilder.php(2078): CodeIgniter\Database\BaseConnection->query('UPDATE `detalle...', Array, false)
#4 C:\xampp\htdocs\codeigniter4-CodeIgniter4-proyecto-grupal\system\Model.php(337): CodeIgniter\Database\BaseBuilder->update()
#5 C:\xampp\htdocs\codeigniter4-CodeIgniter4-proyecto-grupal\system\BaseModel.php(865): CodeIgniter\Model->doUpdate(NULL, Array)
#6 C:\xampp\htdocs\codeigniter4-CodeIgniter4-proyecto-grupal\system\Model.php(692): CodeIgniter\BaseModel->update(NULL, Array)
#7 C:\xampp\htdocs\codeigniter4-CodeIgniter4-proyecto-grupal\app\Controllers\Detalle_Facturas.php(99): CodeIgniter\Model->update(NULL, Array)
#8 C:\xampp\htdocs\codeigniter4-CodeIgniter4-proyecto-grupal\system\CodeIgniter.php(898): App\Controllers\Detalle_Facturas->actualizarDetalle()
#9 C:\xampp\htdocs\codeigniter4-CodeIgniter4-proyecto-grupal\system\CodeIgniter.php(457): CodeIgniter\CodeIgniter->runController(Object(App\Controllers\Detalle_Facturas))
#10 C:\xampp\htdocs\codeigniter4-CodeIgniter4-proyecto-grupal\system\CodeIgniter.php(340): CodeIgniter\CodeIgniter->handleRequest(NULL, Object(Config\Cache), false)
#11 C:\xampp\htdocs\codeigniter4-CodeIgniter4-proyecto-grupal\public\index.php(67): CodeIgniter\CodeIgniter->run()
#12 {main}
ERROR - 2022-11-06 00:32:28 --> mysqli_sql_exception: Cannot add or update a child row: a foreign key constraint fails (`bd_amatista`.`detalle_facturas`, CONSTRAINT `detalle_facturas_ibfk_1` FOREIGN KEY (`id_producto`) REFERENCES `bodegas` (`id_producto`) ON DELETE CASCADE ON UPDATE CASCADE) in C:\xampp\htdocs\codeigniter4-CodeIgniter4-proyecto-grupal\system\Database\MySQLi\Connection.php:292
Stack trace:
#0 C:\xampp\htdocs\codeigniter4-CodeIgniter4-proyecto-grupal\system\Database\MySQLi\Connection.php(292): mysqli->query('UPDATE `detalle...', 0)
#1 C:\xampp\htdocs\codeigniter4-CodeIgniter4-proyecto-grupal\system\Database\BaseConnection.php(693): CodeIgniter\Database\MySQLi\Connection->execute('UPDATE `detalle...')
#2 C:\xampp\htdocs\codeigniter4-CodeIgniter4-proyecto-grupal\system\Database\BaseConnection.php(620): CodeIgniter\Database\BaseConnection->simpleQuery('UPDATE `detalle...')
#3 C:\xampp\htdocs\codeigniter4-CodeIgniter4-proyecto-grupal\system\Database\BaseBuilder.php(2078): CodeIgniter\Database\BaseConnection->query('UPDATE `detalle...', Array, false)
#4 C:\xampp\htdocs\codeigniter4-CodeIgniter4-proyecto-grupal\system\Model.php(337): CodeIgniter\Database\BaseBuilder->update()
#5 C:\xampp\htdocs\codeigniter4-CodeIgniter4-proyecto-grupal\system\BaseModel.php(865): CodeIgniter\Model->doUpdate(NULL, Array)
#6 C:\xampp\htdocs\codeigniter4-CodeIgniter4-proyecto-grupal\system\Model.php(692): CodeIgniter\BaseModel->update(NULL, Array)
#7 C:\xampp\htdocs\codeigniter4-CodeIgniter4-proyecto-grupal\app\Controllers\Detalle_Facturas.php(99): CodeIgniter\Model->update(NULL, Array)
#8 C:\xampp\htdocs\codeigniter4-CodeIgniter4-proyecto-grupal\system\CodeIgniter.php(898): App\Controllers\Detalle_Facturas->actualizarDetalle()
#9 C:\xampp\htdocs\codeigniter4-CodeIgniter4-proyecto-grupal\system\CodeIgniter.php(457): CodeIgniter\CodeIgniter->runController(Object(App\Controllers\Detalle_Facturas))
#10 C:\xampp\htdocs\codeigniter4-CodeIgniter4-proyecto-grupal\system\CodeIgniter.php(340): CodeIgniter\CodeIgniter->handleRequest(NULL, Object(Config\Cache), false)
#11 C:\xampp\htdocs\codeigniter4-CodeIgniter4-proyecto-grupal\public\index.php(67): CodeIgniter\CodeIgniter->run()
#12 {main}
ERROR - 2022-11-06 00:33:21 --> mysqli_sql_exception: Cannot add or update a child row: a foreign key constraint fails (`bd_amatista`.`detalle_facturas`, CONSTRAINT `detalle_facturas_ibfk_1` FOREIGN KEY (`id_producto`) REFERENCES `bodegas` (`id_producto`) ON DELETE CASCADE ON UPDATE CASCADE) in C:\xampp\htdocs\codeigniter4-CodeIgniter4-proyecto-grupal\system\Database\MySQLi\Connection.php:292
Stack trace:
#0 C:\xampp\htdocs\codeigniter4-CodeIgniter4-proyecto-grupal\system\Database\MySQLi\Connection.php(292): mysqli->query('UPDATE `detalle...', 0)
#1 C:\xampp\htdocs\codeigniter4-CodeIgniter4-proyecto-grupal\system\Database\BaseConnection.php(693): CodeIgniter\Database\MySQLi\Connection->execute('UPDATE `detalle...')
#2 C:\xampp\htdocs\codeigniter4-CodeIgniter4-proyecto-grupal\system\Database\BaseConnection.php(620): CodeIgniter\Database\BaseConnection->simpleQuery('UPDATE `detalle...')
#3 C:\xampp\htdocs\codeigniter4-CodeIgniter4-proyecto-grupal\system\Database\BaseBuilder.php(2078): CodeIgniter\Database\BaseConnection->query('UPDATE `detalle...', Array, false)
#4 C:\xampp\htdocs\codeigniter4-CodeIgniter4-proyecto-grupal\system\Model.php(337): CodeIgniter\Database\BaseBuilder->update()
#5 C:\xampp\htdocs\codeigniter4-CodeIgniter4-proyecto-grupal\system\BaseModel.php(865): CodeIgniter\Model->doUpdate(NULL, Array)
#6 C:\xampp\htdocs\codeigniter4-CodeIgniter4-proyecto-grupal\system\Model.php(692): CodeIgniter\BaseModel->update(NULL, Array)
#7 C:\xampp\htdocs\codeigniter4-CodeIgniter4-proyecto-grupal\app\Controllers\Detalle_Facturas.php(99): CodeIgniter\Model->update(NULL, Array)
#8 C:\xampp\htdocs\codeigniter4-CodeIgniter4-proyecto-grupal\system\CodeIgniter.php(898): App\Controllers\Detalle_Facturas->actualizarDetalle()
#9 C:\xampp\htdocs\codeigniter4-CodeIgniter4-proyecto-grupal\system\CodeIgniter.php(457): CodeIgniter\CodeIgniter->runController(Object(App\Controllers\Detalle_Facturas))
#10 C:\xampp\htdocs\codeigniter4-CodeIgniter4-proyecto-grupal\system\CodeIgniter.php(340): CodeIgniter\CodeIgniter->handleRequest(NULL, Object(Config\Cache), false)
#11 C:\xampp\htdocs\codeigniter4-CodeIgniter4-proyecto-grupal\public\index.php(67): CodeIgniter\CodeIgniter->run()
#12 {main}
ERROR - 2022-11-06 00:41:14 --> mysqli_sql_exception: Duplicate entry '2-1' for key 'id_producto' in C:\xampp\htdocs\codeigniter4-CodeIgniter4-proyecto-grupal\system\Database\MySQLi\Connection.php:292
Stack trace:
#0 C:\xampp\htdocs\codeigniter4-CodeIgniter4-proyecto-grupal\system\Database\MySQLi\Connection.php(292): mysqli->query('INSERT INTO `de...', 0)
#1 C:\xampp\htdocs\codeigniter4-CodeIgniter4-proyecto-grupal\system\Database\BaseConnection.php(693): CodeIgniter\Database\MySQLi\Connection->execute('INSERT INTO `de...')
#2 C:\xampp\htdocs\codeigniter4-CodeIgniter4-proyecto-grupal\system\Database\BaseConnection.php(620): CodeIgniter\Database\BaseConnection->simpleQuery('INSERT INTO `de...')
#3 C:\xampp\htdocs\codeigniter4-CodeIgniter4-proyecto-grupal\system\Database\BaseBuilder.php(1916): CodeIgniter\Database\BaseConnection->query('INSERT INTO `de...', Array, false)
#4 C:\xampp\htdocs\codeigniter4-CodeIgniter4-proyecto-grupal\system\Model.php(278): CodeIgniter\Database\BaseBuilder->insert()
#5 C:\xampp\htdocs\codeigniter4-CodeIgniter4-proyecto-grupal\system\BaseModel.php(738): CodeIgniter\Model->doInsert(Array)
#6 C:\xampp\htdocs\codeigniter4-CodeIgniter4-proyecto-grupal\system\Model.php(666): CodeIgniter\BaseModel->insert(Array, true)
#7 C:\xampp\htdocs\codeigniter4-CodeIgniter4-proyecto-grupal\app\Controllers\Detalle_Facturas.php(47): CodeIgniter\Model->insert(Array)
#8 C:\xampp\htdocs\codeigniter4-CodeIgniter4-proyecto-grupal\system\CodeIgniter.php(898): App\Controllers\Detalle_Facturas->agregar_detalle()
#9 C:\xampp\htdocs\codeigniter4-CodeIgniter4-proyecto-grupal\system\CodeIgniter.php(457): CodeIgniter\CodeIgniter->runController(Object(App\Controllers\Detalle_Facturas))
#10 C:\xampp\htdocs\codeigniter4-CodeIgniter4-proyecto-grupal\system\CodeIgniter.php(340): CodeIgniter\CodeIgniter->handleRequest(NULL, Object(Config\Cache), false)
#11 C:\xampp\htdocs\codeigniter4-CodeIgniter4-proyecto-grupal\public\index.php(67): CodeIgniter\CodeIgniter->run()
#12 {main}
ERROR - 2022-11-06 00:43:56 --> mysqli_sql_exception: Cannot add or update a child row: a foreign key constraint fails (`bd_amatista`.`detalle_facturas`, CONSTRAINT `detalle_facturas_ibfk_1` FOREIGN KEY (`id_producto`) REFERENCES `bodegas` (`id_producto`) ON DELETE CASCADE ON UPDATE CASCADE) in C:\xampp\htdocs\codeigniter4-CodeIgniter4-proyecto-grupal\system\Database\MySQLi\Connection.php:292
Stack trace:
#0 C:\xampp\htdocs\codeigniter4-CodeIgniter4-proyecto-grupal\system\Database\MySQLi\Connection.php(292): mysqli->query('INSERT INTO `de...', 0)
#1 C:\xampp\htdocs\codeigniter4-CodeIgniter4-proyecto-grupal\system\Database\BaseConnection.php(693): CodeIgniter\Database\MySQLi\Connection->execute('INSERT INTO `de...')
#2 C:\xampp\htdocs\codeigniter4-CodeIgniter4-proyecto-grupal\system\Database\BaseConnection.php(620): CodeIgniter\Database\BaseConnection->simpleQuery('INSERT INTO `de...')
#3 C:\xampp\htdocs\codeigniter4-CodeIgniter4-proyecto-grupal\system\Database\BaseBuilder.php(1916): CodeIgniter\Database\BaseConnection->query('INSERT INTO `de...', Array, false)
#4 C:\xampp\htdocs\codeigniter4-CodeIgniter4-proyecto-grupal\system\Model.php(278): CodeIgniter\Database\BaseBuilder->insert()
#5 C:\xampp\htdocs\codeigniter4-CodeIgniter4-proyecto-grupal\system\BaseModel.php(738): CodeIgniter\Model->doInsert(Array)
#6 C:\xampp\htdocs\codeigniter4-CodeIgniter4-proyecto-grupal\system\Model.php(666): CodeIgniter\BaseModel->insert(Array, true)
#7 C:\xampp\htdocs\codeigniter4-CodeIgniter4-proyecto-grupal\app\Controllers\Detalle_Facturas.php(47): CodeIgniter\Model->insert(Array)
#8 C:\xampp\htdocs\codeigniter4-CodeIgniter4-proyecto-grupal\system\CodeIgniter.php(898): App\Controllers\Detalle_Facturas->agregar_detalle()
#9 C:\xampp\htdocs\codeigniter4-CodeIgniter4-proyecto-grupal\system\CodeIgniter.php(457): CodeIgniter\CodeIgniter->runController(Object(App\Controllers\Detalle_Facturas))
#10 C:\xampp\htdocs\codeigniter4-CodeIgniter4-proyecto-grupal\system\CodeIgniter.php(340): CodeIgniter\CodeIgniter->handleRequest(NULL, Object(Config\Cache), false)
#11 C:\xampp\htdocs\codeigniter4-CodeIgniter4-proyecto-grupal\public\index.php(67): CodeIgniter\CodeIgniter->run()
#12 {main}
ERROR - 2022-11-06 00:44:13 --> mysqli_sql_exception: Cannot add or update a child row: a foreign key constraint fails (`bd_amatista`.`detalle_facturas`, CONSTRAINT `detalle_facturas_ibfk_2` FOREIGN KEY (`id_sucursal`) REFERENCES `bodegas` (`id_sucursal`) ON DELETE CASCADE ON UPDATE CASCADE) in C:\xampp\htdocs\codeigniter4-CodeIgniter4-proyecto-grupal\system\Database\MySQLi\Connection.php:292
Stack trace:
#0 C:\xampp\htdocs\codeigniter4-CodeIgniter4-proyecto-grupal\system\Database\MySQLi\Connection.php(292): mysqli->query('INSERT INTO `de...', 0)
#1 C:\xampp\htdocs\codeigniter4-CodeIgniter4-proyecto-grupal\system\Database\BaseConnection.php(693): CodeIgniter\Database\MySQLi\Connection->execute('INSERT INTO `de...')
#2 C:\xampp\htdocs\codeigniter4-CodeIgniter4-proyecto-grupal\system\Database\BaseConnection.php(620): CodeIgniter\Database\BaseConnection->simpleQuery('INSERT INTO `de...')
#3 C:\xampp\htdocs\codeigniter4-CodeIgniter4-proyecto-grupal\system\Database\BaseBuilder.php(1916): CodeIgniter\Database\BaseConnection->query('INSERT INTO `de...', Array, false)
#4 C:\xampp\htdocs\codeigniter4-CodeIgniter4-proyecto-grupal\system\Model.php(278): CodeIgniter\Database\BaseBuilder->insert()
#5 C:\xampp\htdocs\codeigniter4-CodeIgniter4-proyecto-grupal\system\BaseModel.php(738): CodeIgniter\Model->doInsert(Array)
#6 C:\xampp\htdocs\codeigniter4-CodeIgniter4-proyecto-grupal\system\Model.php(666): CodeIgniter\BaseModel->insert(Array, true)
#7 C:\xampp\htdocs\codeigniter4-CodeIgniter4-proyecto-grupal\app\Controllers\Detalle_Facturas.php(47): CodeIgniter\Model->insert(Array)
#8 C:\xampp\htdocs\codeigniter4-CodeIgniter4-proyecto-grupal\system\CodeIgniter.php(898): App\Controllers\Detalle_Facturas->agregar_detalle()
#9 C:\xampp\htdocs\codeigniter4-CodeIgniter4-proyecto-grupal\system\CodeIgniter.php(457): CodeIgniter\CodeIgniter->runController(Object(App\Controllers\Detalle_Facturas))
#10 C:\xampp\htdocs\codeigniter4-CodeIgniter4-proyecto-grupal\system\CodeIgniter.php(340): CodeIgniter\CodeIgniter->handleRequest(NULL, Object(Config\Cache), false)
#11 C:\xampp\htdocs\codeigniter4-CodeIgniter4-proyecto-grupal\public\index.php(67): CodeIgniter\CodeIgniter->run()
#12 {main}
ERROR - 2022-11-06 00:44:28 --> mysqli_sql_exception: Cannot add or update a child row: a foreign key constraint fails (`bd_amatista`.`detalle_facturas`, CONSTRAINT `detalle_facturas_ibfk_1` FOREIGN KEY (`id_producto`) REFERENCES `bodegas` (`id_producto`) ON DELETE CASCADE ON UPDATE CASCADE) in C:\xampp\htdocs\codeigniter4-CodeIgniter4-proyecto-grupal\system\Database\MySQLi\Connection.php:292
Stack trace:
#0 C:\xampp\htdocs\codeigniter4-CodeIgniter4-proyecto-grupal\system\Database\MySQLi\Connection.php(292): mysqli->query('INSERT INTO `de...', 0)
#1 C:\xampp\htdocs\codeigniter4-CodeIgniter4-proyecto-grupal\system\Database\BaseConnection.php(693): CodeIgniter\Database\MySQLi\Connection->execute('INSERT INTO `de...')
#2 C:\xampp\htdocs\codeigniter4-CodeIgniter4-proyecto-grupal\system\Database\BaseConnection.php(620): CodeIgniter\Database\BaseConnection->simpleQuery('INSERT INTO `de...')
#3 C:\xampp\htdocs\codeigniter4-CodeIgniter4-proyecto-grupal\system\Database\BaseBuilder.php(1916): CodeIgniter\Database\BaseConnection->query('INSERT INTO `de...', Array, false)
#4 C:\xampp\htdocs\codeigniter4-CodeIgniter4-proyecto-grupal\system\Model.php(278): CodeIgniter\Database\BaseBuilder->insert()
#5 C:\xampp\htdocs\codeigniter4-CodeIgniter4-proyecto-grupal\system\BaseModel.php(738): CodeIgniter\Model->doInsert(Array)
#6 C:\xampp\htdocs\codeigniter4-CodeIgniter4-proyecto-grupal\system\Model.php(666): CodeIgniter\BaseModel->insert(Array, true)
#7 C:\xampp\htdocs\codeigniter4-CodeIgniter4-proyecto-grupal\app\Controllers\Detalle_Facturas.php(47): CodeIgniter\Model->insert(Array)
#8 C:\xampp\htdocs\codeigniter4-CodeIgniter4-proyecto-grupal\system\CodeIgniter.php(898): App\Controllers\Detalle_Facturas->agregar_detalle()
#9 C:\xampp\htdocs\codeigniter4-CodeIgniter4-proyecto-grupal\system\CodeIgniter.php(457): CodeIgniter\CodeIgniter->runController(Object(App\Controllers\Detalle_Facturas))
#10 C:\xampp\htdocs\codeigniter4-CodeIgniter4-proyecto-grupal\system\CodeIgniter.php(340): CodeIgniter\CodeIgniter->handleRequest(NULL, Object(Config\Cache), false)
#11 C:\xampp\htdocs\codeigniter4-CodeIgniter4-proyecto-grupal\public\index.php(67): CodeIgniter\CodeIgniter->run()
#12 {main}
ERROR - 2022-11-06 00:44:52 --> mysqli_sql_exception: Cannot add or update a child row: a foreign key constraint fails (`bd_amatista`.`detalle_facturas`, CONSTRAINT `detalle_facturas_ibfk_2` FOREIGN KEY (`id_sucursal`) REFERENCES `bodegas` (`id_sucursal`) ON DELETE CASCADE ON UPDATE CASCADE) in C:\xampp\htdocs\codeigniter4-CodeIgniter4-proyecto-grupal\system\Database\MySQLi\Connection.php:292
Stack trace:
#0 C:\xampp\htdocs\codeigniter4-CodeIgniter4-proyecto-grupal\system\Database\MySQLi\Connection.php(292): mysqli->query('INSERT INTO `de...', 0)
#1 C:\xampp\htdocs\codeigniter4-CodeIgniter4-proyecto-grupal\system\Database\BaseConnection.php(693): CodeIgniter\Database\MySQLi\Connection->execute('INSERT INTO `de...')
#2 C:\xampp\htdocs\codeigniter4-CodeIgniter4-proyecto-grupal\system\Database\BaseConnection.php(620): CodeIgniter\Database\BaseConnection->simpleQuery('INSERT INTO `de...')
#3 C:\xampp\htdocs\codeigniter4-CodeIgniter4-proyecto-grupal\system\Database\BaseBuilder.php(1916): CodeIgniter\Database\BaseConnection->query('INSERT INTO `de...', Array, false)
#4 C:\xampp\htdocs\codeigniter4-CodeIgniter4-proyecto-grupal\system\Model.php(278): CodeIgniter\Database\BaseBuilder->insert()
#5 C:\xampp\htdocs\codeigniter4-CodeIgniter4-proyecto-grupal\system\BaseModel.php(738): CodeIgniter\Model->doInsert(Array)
#6 C:\xampp\htdocs\codeigniter4-CodeIgniter4-proyecto-grupal\system\Model.php(666): CodeIgniter\BaseModel->insert(Array, true)
#7 C:\xampp\htdocs\codeigniter4-CodeIgniter4-proyecto-grupal\app\Controllers\Detalle_Facturas.php(47): CodeIgniter\Model->insert(Array)
#8 C:\xampp\htdocs\codeigniter4-CodeIgniter4-proyecto-grupal\system\CodeIgniter.php(898): App\Controllers\Detalle_Facturas->agregar_detalle()
#9 C:\xampp\htdocs\codeigniter4-CodeIgniter4-proyecto-grupal\system\CodeIgniter.php(457): CodeIgniter\CodeIgniter->runController(Object(App\Controllers\Detalle_Facturas))
#10 C:\xampp\htdocs\codeigniter4-CodeIgniter4-proyecto-grupal\system\CodeIgniter.php(340): CodeIgniter\CodeIgniter->handleRequest(NULL, Object(Config\Cache), false)
#11 C:\xampp\htdocs\codeigniter4-CodeIgniter4-proyecto-grupal\public\index.php(67): CodeIgniter\CodeIgniter->run()
#12 {main}
ERROR - 2022-11-06 00:46:05 --> mysqli_sql_exception: Cannot add or update a child row: a foreign key constraint fails (`bd_amatista`.`detalle_facturas`, CONSTRAINT `detalle_facturas_ibfk_1` FOREIGN KEY (`id_producto`) REFERENCES `bodegas` (`id_producto`) ON DELETE CASCADE ON UPDATE CASCADE) in C:\xampp\htdocs\codeigniter4-CodeIgniter4-proyecto-grupal\system\Database\MySQLi\Connection.php:292
Stack trace:
#0 C:\xampp\htdocs\codeigniter4-CodeIgniter4-proyecto-grupal\system\Database\MySQLi\Connection.php(292): mysqli->query('UPDATE `detalle...', 0)
#1 C:\xampp\htdocs\codeigniter4-CodeIgniter4-proyecto-grupal\system\Database\BaseConnection.php(693): CodeIgniter\Database\MySQLi\Connection->execute('UPDATE `detalle...')
#2 C:\xampp\htdocs\codeigniter4-CodeIgniter4-proyecto-grupal\system\Database\BaseConnection.php(620): CodeIgniter\Database\BaseConnection->simpleQuery('UPDATE `detalle...')
#3 C:\xampp\htdocs\codeigniter4-CodeIgniter4-proyecto-grupal\system\Database\BaseBuilder.php(2078): CodeIgniter\Database\BaseConnection->query('UPDATE `detalle...', Array, false)
#4 C:\xampp\htdocs\codeigniter4-CodeIgniter4-proyecto-grupal\system\Model.php(337): CodeIgniter\Database\BaseBuilder->update()
#5 C:\xampp\htdocs\codeigniter4-CodeIgniter4-proyecto-grupal\system\BaseModel.php(865): CodeIgniter\Model->doUpdate(NULL, Array)
#6 C:\xampp\htdocs\codeigniter4-CodeIgniter4-proyecto-grupal\system\Model.php(692): CodeIgniter\BaseModel->update(NULL, Array)
#7 C:\xampp\htdocs\codeigniter4-CodeIgniter4-proyecto-grupal\app\Controllers\Detalle_Facturas.php(99): CodeIgniter\Model->update(NULL, Array)
#8 C:\xampp\htdocs\codeigniter4-CodeIgniter4-proyecto-grupal\system\CodeIgniter.php(898): App\Controllers\Detalle_Facturas->actualizarDetalle()
#9 C:\xampp\htdocs\codeigniter4-CodeIgniter4-proyecto-grupal\system\CodeIgniter.php(457): CodeIgniter\CodeIgniter->runController(Object(App\Controllers\Detalle_Facturas))
#10 C:\xampp\htdocs\codeigniter4-CodeIgniter4-proyecto-grupal\system\CodeIgniter.php(340): CodeIgniter\CodeIgniter->handleRequest(NULL, Object(Config\Cache), false)
#11 C:\xampp\htdocs\codeigniter4-CodeIgniter4-proyecto-grupal\public\index.php(67): CodeIgniter\CodeIgniter->run()
#12 {main}
ERROR - 2022-11-06 00:46:20 --> mysqli_sql_exception: Cannot add or update a child row: a foreign key constraint fails (`bd_amatista`.`detalle_facturas`, CONSTRAINT `detalle_facturas_ibfk_1` FOREIGN KEY (`id_producto`) REFERENCES `bodegas` (`id_producto`) ON DELETE CASCADE ON UPDATE CASCADE) in C:\xampp\htdocs\codeigniter4-CodeIgniter4-proyecto-grupal\system\Database\MySQLi\Connection.php:292
Stack trace:
#0 C:\xampp\htdocs\codeigniter4-CodeIgniter4-proyecto-grupal\system\Database\MySQLi\Connection.php(292): mysqli->query('UPDATE `detalle...', 0)
#1 C:\xampp\htdocs\codeigniter4-CodeIgniter4-proyecto-grupal\system\Database\BaseConnection.php(693): CodeIgniter\Database\MySQLi\Connection->execute('UPDATE `detalle...')
#2 C:\xampp\htdocs\codeigniter4-CodeIgniter4-proyecto-grupal\system\Database\BaseConnection.php(620): CodeIgniter\Database\BaseConnection->simpleQuery('UPDATE `detalle...')
#3 C:\xampp\htdocs\codeigniter4-CodeIgniter4-proyecto-grupal\system\Database\BaseBuilder.php(2078): CodeIgniter\Database\BaseConnection->query('UPDATE `detalle...', Array, false)
#4 C:\xampp\htdocs\codeigniter4-CodeIgniter4-proyecto-grupal\system\Model.php(337): CodeIgniter\Database\BaseBuilder->update()
#5 C:\xampp\htdocs\codeigniter4-CodeIgniter4-proyecto-grupal\system\BaseModel.php(865): CodeIgniter\Model->doUpdate(NULL, Array)
#6 C:\xampp\htdocs\codeigniter4-CodeIgniter4-proyecto-grupal\system\Model.php(692): CodeIgniter\BaseModel->update(NULL, Array)
#7 C:\xampp\htdocs\codeigniter4-CodeIgniter4-proyecto-grupal\app\Controllers\Detalle_Facturas.php(99): CodeIgniter\Model->update(NULL, Array)
#8 C:\xampp\htdocs\codeigniter4-CodeIgniter4-proyecto-grupal\system\CodeIgniter.php(898): App\Controllers\Detalle_Facturas->actualizarDetalle()
#9 C:\xampp\htdocs\codeigniter4-CodeIgniter4-proyecto-grupal\system\CodeIgniter.php(457): CodeIgniter\CodeIgniter->runController(Object(App\Controllers\Detalle_Facturas))
#10 C:\xampp\htdocs\codeigniter4-CodeIgniter4-proyecto-grupal\system\CodeIgniter.php(340): CodeIgniter\CodeIgniter->handleRequest(NULL, Object(Config\Cache), false)
#11 C:\xampp\htdocs\codeigniter4-CodeIgniter4-proyecto-grupal\public\index.php(67): CodeIgniter\CodeIgniter->run()
#12 {main}
ERROR - 2022-11-06 00:46:35 --> mysqli_sql_exception: Cannot add or update a child row: a foreign key constraint fails (`bd_amatista`.`detalle_facturas`, CONSTRAINT `detalle_facturas_ibfk_1` FOREIGN KEY (`id_producto`) REFERENCES `bodegas` (`id_producto`) ON DELETE CASCADE ON UPDATE CASCADE) in C:\xampp\htdocs\codeigniter4-CodeIgniter4-proyecto-grupal\system\Database\MySQLi\Connection.php:292
Stack trace:
#0 C:\xampp\htdocs\codeigniter4-CodeIgniter4-proyecto-grupal\system\Database\MySQLi\Connection.php(292): mysqli->query('UPDATE `detalle...', 0)
#1 C:\xampp\htdocs\codeigniter4-CodeIgniter4-proyecto-grupal\system\Database\BaseConnection.php(693): CodeIgniter\Database\MySQLi\Connection->execute('UPDATE `detalle...')
#2 C:\xampp\htdocs\codeigniter4-CodeIgniter4-proyecto-grupal\system\Database\BaseConnection.php(620): CodeIgniter\Database\BaseConnection->simpleQuery('UPDATE `detalle...')
#3 C:\xampp\htdocs\codeigniter4-CodeIgniter4-proyecto-grupal\system\Database\BaseBuilder.php(2078): CodeIgniter\Database\BaseConnection->query('UPDATE `detalle...', Array, false)
#4 C:\xampp\htdocs\codeigniter4-CodeIgniter4-proyecto-grupal\system\Model.php(337): CodeIgniter\Database\BaseBuilder->update()
#5 C:\xampp\htdocs\codeigniter4-CodeIgniter4-proyecto-grupal\system\BaseModel.php(865): CodeIgniter\Model->doUpdate(NULL, Array)
#6 C:\xampp\htdocs\codeigniter4-CodeIgniter4-proyecto-grupal\system\Model.php(692): CodeIgniter\BaseModel->update(NULL, Array)
#7 C:\xampp\htdocs\codeigniter4-CodeIgniter4-proyecto-grupal\app\Controllers\Detalle_Facturas.php(99): CodeIgniter\Model->update(NULL, Array)
#8 C:\xampp\htdocs\codeigniter4-CodeIgniter4-proyecto-grupal\system\CodeIgniter.php(898): App\Controllers\Detalle_Facturas->actualizarDetalle()
#9 C:\xampp\htdocs\codeigniter4-CodeIgniter4-proyecto-grupal\system\CodeIgniter.php(457): CodeIgniter\CodeIgniter->runController(Object(App\Controllers\Detalle_Facturas))
#10 C:\xampp\htdocs\codeigniter4-CodeIgniter4-proyecto-grupal\system\CodeIgniter.php(340): CodeIgniter\CodeIgniter->handleRequest(NULL, Object(Config\Cache), false)
#11 C:\xampp\htdocs\codeigniter4-CodeIgniter4-proyecto-grupal\public\index.php(67): CodeIgniter\CodeIgniter->run()
#12 {main}
ERROR - 2022-11-06 00:47:20 --> mysqli_sql_exception: Cannot add or update a child row: a foreign key constraint fails (`bd_amatista`.`detalle_facturas`, CONSTRAINT `detalle_facturas_ibfk_1` FOREIGN KEY (`id_producto`) REFERENCES `bodegas` (`id_producto`) ON DELETE CASCADE ON UPDATE CASCADE) in C:\xampp\htdocs\codeigniter4-CodeIgniter4-proyecto-grupal\system\Database\MySQLi\Connection.php:292
Stack trace:
#0 C:\xampp\htdocs\codeigniter4-CodeIgniter4-proyecto-grupal\system\Database\MySQLi\Connection.php(292): mysqli->query('UPDATE `detalle...', 0)
#1 C:\xampp\htdocs\codeigniter4-CodeIgniter4-proyecto-grupal\system\Database\BaseConnection.php(693): CodeIgniter\Database\MySQLi\Connection->execute('UPDATE `detalle...')
#2 C:\xampp\htdocs\codeigniter4-CodeIgniter4-proyecto-grupal\system\Database\BaseConnection.php(620): CodeIgniter\Database\BaseConnection->simpleQuery('UPDATE `detalle...')
#3 C:\xampp\htdocs\codeigniter4-CodeIgniter4-proyecto-grupal\system\Database\BaseBuilder.php(2078): CodeIgniter\Database\BaseConnection->query('UPDATE `detalle...', Array, false)
#4 C:\xampp\htdocs\codeigniter4-CodeIgniter4-proyecto-grupal\system\Model.php(337): CodeIgniter\Database\BaseBuilder->update()
#5 C:\xampp\htdocs\codeigniter4-CodeIgniter4-proyecto-grupal\system\BaseModel.php(865): CodeIgniter\Model->doUpdate(NULL, Array)
#6 C:\xampp\htdocs\codeigniter4-CodeIgniter4-proyecto-grupal\system\Model.php(692): CodeIgniter\BaseModel->update(NULL, Array)
#7 C:\xampp\htdocs\codeigniter4-CodeIgniter4-proyecto-grupal\app\Controllers\Detalle_Facturas.php(99): CodeIgniter\Model->update(NULL, Array)
#8 C:\xampp\htdocs\codeigniter4-CodeIgniter4-proyecto-grupal\system\CodeIgniter.php(898): App\Controllers\Detalle_Facturas->actualizarDetalle()
#9 C:\xampp\htdocs\codeigniter4-CodeIgniter4-proyecto-grupal\system\CodeIgniter.php(457): CodeIgniter\CodeIgniter->runController(Object(App\Controllers\Detalle_Facturas))
#10 C:\xampp\htdocs\codeigniter4-CodeIgniter4-proyecto-grupal\system\CodeIgniter.php(340): CodeIgniter\CodeIgniter->handleRequest(NULL, Object(Config\Cache), false)
#11 C:\xampp\htdocs\codeigniter4-CodeIgniter4-proyecto-grupal\public\index.php(67): CodeIgniter\CodeIgniter->run()
#12 {main}
ERROR - 2022-11-06 00:48:43 --> mysqli_sql_exception: Cannot add or update a child row: a foreign key constraint fails (`bd_amatista`.`detalle_facturas`, CONSTRAINT `detalle_facturas_ibfk_1` FOREIGN KEY (`id_producto`) REFERENCES `bodegas` (`id_producto`) ON DELETE CASCADE ON UPDATE CASCADE) in C:\xampp\htdocs\codeigniter4-CodeIgniter4-proyecto-grupal\system\Database\MySQLi\Connection.php:292
Stack trace:
#0 C:\xampp\htdocs\codeigniter4-CodeIgniter4-proyecto-grupal\system\Database\MySQLi\Connection.php(292): mysqli->query('INSERT INTO `de...', 0)
#1 C:\xampp\htdocs\codeigniter4-CodeIgniter4-proyecto-grupal\system\Database\BaseConnection.php(693): CodeIgniter\Database\MySQLi\Connection->execute('INSERT INTO `de...')
#2 C:\xampp\htdocs\codeigniter4-CodeIgniter4-proyecto-grupal\system\Database\BaseConnection.php(620): CodeIgniter\Database\BaseConnection->simpleQuery('INSERT INTO `de...')
#3 C:\xampp\htdocs\codeigniter4-CodeIgniter4-proyecto-grupal\system\Database\BaseBuilder.php(1916): CodeIgniter\Database\BaseConnection->query('INSERT INTO `de...', Array, false)
#4 C:\xampp\htdocs\codeigniter4-CodeIgniter4-proyecto-grupal\system\Model.php(278): CodeIgniter\Database\BaseBuilder->insert()
#5 C:\xampp\htdocs\codeigniter4-CodeIgniter4-proyecto-grupal\system\BaseModel.php(738): CodeIgniter\Model->doInsert(Array)
#6 C:\xampp\htdocs\codeigniter4-CodeIgniter4-proyecto-grupal\system\Model.php(666): CodeIgniter\BaseModel->insert(Array, true)
#7 C:\xampp\htdocs\codeigniter4-CodeIgniter4-proyecto-grupal\app\Controllers\Detalle_Facturas.php(47): CodeIgniter\Model->insert(Array)
#8 C:\xampp\htdocs\codeigniter4-CodeIgniter4-proyecto-grupal\system\CodeIgniter.php(898): App\Controllers\Detalle_Facturas->agregar_detalle()
#9 C:\xampp\htdocs\codeigniter4-CodeIgniter4-proyecto-grupal\system\CodeIgniter.php(457): CodeIgniter\CodeIgniter->runController(Object(App\Controllers\Detalle_Facturas))
#10 C:\xampp\htdocs\codeigniter4-CodeIgniter4-proyecto-grupal\system\CodeIgniter.php(340): CodeIgniter\CodeIgniter->handleRequest(NULL, Object(Config\Cache), false)
#11 C:\xampp\htdocs\codeigniter4-CodeIgniter4-proyecto-grupal\public\index.php(67): CodeIgniter\CodeIgniter->run()
#12 {main}
ERROR - 2022-11-06 00:48:58 --> mysqli_sql_exception: Cannot add or update a child row: a foreign key constraint fails (`bd_amatista`.`detalle_facturas`, CONSTRAINT `detalle_facturas_ibfk_1` FOREIGN KEY (`id_producto`) REFERENCES `bodegas` (`id_producto`) ON DELETE CASCADE ON UPDATE CASCADE) in C:\xampp\htdocs\codeigniter4-CodeIgniter4-proyecto-grupal\system\Database\MySQLi\Connection.php:292
Stack trace:
#0 C:\xampp\htdocs\codeigniter4-CodeIgniter4-proyecto-grupal\system\Database\MySQLi\Connection.php(292): mysqli->query('INSERT INTO `de...', 0)
#1 C:\xampp\htdocs\codeigniter4-CodeIgniter4-proyecto-grupal\system\Database\BaseConnection.php(693): CodeIgniter\Database\MySQLi\Connection->execute('INSERT INTO `de...')
#2 C:\xampp\htdocs\codeigniter4-CodeIgniter4-proyecto-grupal\system\Database\BaseConnection.php(620): CodeIgniter\Database\BaseConnection->simpleQuery('INSERT INTO `de...')
#3 C:\xampp\htdocs\codeigniter4-CodeIgniter4-proyecto-grupal\system\Database\BaseBuilder.php(1916): CodeIgniter\Database\BaseConnection->query('INSERT INTO `de...', Array, false)
#4 C:\xampp\htdocs\codeigniter4-CodeIgniter4-proyecto-grupal\system\Model.php(278): CodeIgniter\Database\BaseBuilder->insert()
#5 C:\xampp\htdocs\codeigniter4-CodeIgniter4-proyecto-grupal\system\BaseModel.php(738): CodeIgniter\Model->doInsert(Array)
#6 C:\xampp\htdocs\codeigniter4-CodeIgniter4-proyecto-grupal\system\Model.php(666): CodeIgniter\BaseModel->insert(Array, true)
#7 C:\xampp\htdocs\codeigniter4-CodeIgniter4-proyecto-grupal\app\Controllers\Detalle_Facturas.php(47): CodeIgniter\Model->insert(Array)
#8 C:\xampp\htdocs\codeigniter4-CodeIgniter4-proyecto-grupal\system\CodeIgniter.php(898): App\Controllers\Detalle_Facturas->agregar_detalle()
#9 C:\xampp\htdocs\codeigniter4-CodeIgniter4-proyecto-grupal\system\CodeIgniter.php(457): CodeIgniter\CodeIgniter->runController(Object(App\Controllers\Detalle_Facturas))
#10 C:\xampp\htdocs\codeigniter4-CodeIgniter4-proyecto-grupal\system\CodeIgniter.php(340): CodeIgniter\CodeIgniter->handleRequest(NULL, Object(Config\Cache), false)
#11 C:\xampp\htdocs\codeigniter4-CodeIgniter4-proyecto-grupal\public\index.php(67): CodeIgniter\CodeIgniter->run()
#12 {main}
ERROR - 2022-11-06 00:49:09 --> mysqli_sql_exception: Cannot add or update a child row: a foreign key constraint fails (`bd_amatista`.`detalle_facturas`, CONSTRAINT `detalle_facturas_ibfk_1` FOREIGN KEY (`id_producto`) REFERENCES `bodegas` (`id_producto`) ON DELETE CASCADE ON UPDATE CASCADE) in C:\xampp\htdocs\codeigniter4-CodeIgniter4-proyecto-grupal\system\Database\MySQLi\Connection.php:292
Stack trace:
#0 C:\xampp\htdocs\codeigniter4-CodeIgniter4-proyecto-grupal\system\Database\MySQLi\Connection.php(292): mysqli->query('INSERT INTO `de...', 0)
#1 C:\xampp\htdocs\codeigniter4-CodeIgniter4-proyecto-grupal\system\Database\BaseConnection.php(693): CodeIgniter\Database\MySQLi\Connection->execute('INSERT INTO `de...')
#2 C:\xampp\htdocs\codeigniter4-CodeIgniter4-proyecto-grupal\system\Database\BaseConnection.php(620): CodeIgniter\Database\BaseConnection->simpleQuery('INSERT INTO `de...')
#3 C:\xampp\htdocs\codeigniter4-CodeIgniter4-proyecto-grupal\system\Database\BaseBuilder.php(1916): CodeIgniter\Database\BaseConnection->query('INSERT INTO `de...', Array, false)
#4 C:\xampp\htdocs\codeigniter4-CodeIgniter4-proyecto-grupal\system\Model.php(278): CodeIgniter\Database\BaseBuilder->insert()
#5 C:\xampp\htdocs\codeigniter4-CodeIgniter4-proyecto-grupal\system\BaseModel.php(738): CodeIgniter\Model->doInsert(Array)
#6 C:\xampp\htdocs\codeigniter4-CodeIgniter4-proyecto-grupal\system\Model.php(666): CodeIgniter\BaseModel->insert(Array, true)
#7 C:\xampp\htdocs\codeigniter4-CodeIgniter4-proyecto-grupal\app\Controllers\Detalle_Facturas.php(47): CodeIgniter\Model->insert(Array)
#8 C:\xampp\htdocs\codeigniter4-CodeIgniter4-proyecto-grupal\system\CodeIgniter.php(898): App\Controllers\Detalle_Facturas->agregar_detalle()
#9 C:\xampp\htdocs\codeigniter4-CodeIgniter4-proyecto-grupal\system\CodeIgniter.php(457): CodeIgniter\CodeIgniter->runController(Object(App\Controllers\Detalle_Facturas))
#10 C:\xampp\htdocs\codeigniter4-CodeIgniter4-proyecto-grupal\system\CodeIgniter.php(340): CodeIgniter\CodeIgniter->handleRequest(NULL, Object(Config\Cache), false)
#11 C:\xampp\htdocs\codeigniter4-CodeIgniter4-proyecto-grupal\public\index.php(67): CodeIgniter\CodeIgniter->run()
#12 {main}
ERROR - 2022-11-06 10:51:51 --> mysqli_sql_exception: Cannot add or update a child row: a foreign key constraint fails (`bd_amatista`.`detalle_facturas`, CONSTRAINT `detalle_facturas_ibfk_1` FOREIGN KEY (`id_producto`) REFERENCES `bodegas` (`id_producto`) ON DELETE CASCADE ON UPDATE CASCADE) in C:\xampp\htdocs\codeigniter4-CodeIgniter4-proyecto-grupal\system\Database\MySQLi\Connection.php:292
Stack trace:
#0 C:\xampp\htdocs\codeigniter4-CodeIgniter4-proyecto-grupal\system\Database\MySQLi\Connection.php(292): mysqli->query('UPDATE `detalle...', 0)
#1 C:\xampp\htdocs\codeigniter4-CodeIgniter4-proyecto-grupal\system\Database\BaseConnection.php(693): CodeIgniter\Database\MySQLi\Connection->execute('UPDATE `detalle...')
#2 C:\xampp\htdocs\codeigniter4-CodeIgniter4-proyecto-grupal\system\Database\BaseConnection.php(620): CodeIgniter\Database\BaseConnection->simpleQuery('UPDATE `detalle...')
#3 C:\xampp\htdocs\codeigniter4-CodeIgniter4-proyecto-grupal\system\Database\BaseBuilder.php(2078): CodeIgniter\Database\BaseConnection->query('UPDATE `detalle...', Array, false)
#4 C:\xampp\htdocs\codeigniter4-CodeIgniter4-proyecto-grupal\system\Model.php(337): CodeIgniter\Database\BaseBuilder->update()
#5 C:\xampp\htdocs\codeigniter4-CodeIgniter4-proyecto-grupal\system\BaseModel.php(865): CodeIgniter\Model->doUpdate(NULL, Array)
#6 C:\xampp\htdocs\codeigniter4-CodeIgniter4-proyecto-grupal\system\Model.php(692): CodeIgniter\BaseModel->update(NULL, Array)
#7 C:\xampp\htdocs\codeigniter4-CodeIgniter4-proyecto-grupal\app\Controllers\Detalle_Facturas.php(99): CodeIgniter\Model->update(NULL, Array)
#8 C:\xampp\htdocs\codeigniter4-CodeIgniter4-proyecto-grupal\system\CodeIgniter.php(898): App\Controllers\Detalle_Facturas->actualizarDetalle()
#9 C:\xampp\htdocs\codeigniter4-CodeIgniter4-proyecto-grupal\system\CodeIgniter.php(457): CodeIgniter\CodeIgniter->runController(Object(App\Controllers\Detalle_Facturas))
#10 C:\xampp\htdocs\codeigniter4-CodeIgniter4-proyecto-grupal\system\CodeIgniter.php(340): CodeIgniter\CodeIgniter->handleRequest(NULL, Object(Config\Cache), false)
#11 C:\xampp\htdocs\codeigniter4-CodeIgniter4-proyecto-grupal\public\index.php(67): CodeIgniter\CodeIgniter->run()
#12 {main}
ERROR - 2022-11-06 10:55:17 --> mysqli_sql_exception: Cannot add or update a child row: a foreign key constraint fails (`bd_amatista`.`detalle_facturas`, CONSTRAINT `detalle_facturas_ibfk_1` FOREIGN KEY (`id_producto`) REFERENCES `bodegas` (`id_producto`) ON DELETE CASCADE ON UPDATE CASCADE) in C:\xampp\htdocs\codeigniter4-CodeIgniter4-proyecto-grupal\system\Database\MySQLi\Connection.php:292
Stack trace:
#0 C:\xampp\htdocs\codeigniter4-CodeIgniter4-proyecto-grupal\system\Database\MySQLi\Connection.php(292): mysqli->query('UPDATE `detalle...', 0)
#1 C:\xampp\htdocs\codeigniter4-CodeIgniter4-proyecto-grupal\system\Database\BaseConnection.php(693): CodeIgniter\Database\MySQLi\Connection->execute('UPDATE `detalle...')
#2 C:\xampp\htdocs\codeigniter4-CodeIgniter4-proyecto-grupal\system\Database\BaseConnection.php(620): CodeIgniter\Database\BaseConnection->simpleQuery('UPDATE `detalle...')
#3 C:\xampp\htdocs\codeigniter4-CodeIgniter4-proyecto-grupal\system\Database\BaseBuilder.php(2078): CodeIgniter\Database\BaseConnection->query('UPDATE `detalle...', Array, false)
#4 C:\xampp\htdocs\codeigniter4-CodeIgniter4-proyecto-grupal\system\Model.php(337): CodeIgniter\Database\BaseBuilder->update()
#5 C:\xampp\htdocs\codeigniter4-CodeIgniter4-proyecto-grupal\system\BaseModel.php(865): CodeIgniter\Model->doUpdate(NULL, Array)
#6 C:\xampp\htdocs\codeigniter4-CodeIgniter4-proyecto-grupal\system\Model.php(692): CodeIgniter\BaseModel->update(NULL, Array)
#7 C:\xampp\htdocs\codeigniter4-CodeIgniter4-proyecto-grupal\app\Controllers\Detalle_Facturas.php(99): CodeIgniter\Model->update(NULL, Array)
#8 C:\xampp\htdocs\codeigniter4-CodeIgniter4-proyecto-grupal\system\CodeIgniter.php(898): App\Controllers\Detalle_Facturas->actualizarDetalle()
#9 C:\xampp\htdocs\codeigniter4-CodeIgniter4-proyecto-grupal\system\CodeIgniter.php(457): CodeIgniter\CodeIgniter->runController(Object(App\Controllers\Detalle_Facturas))
#10 C:\xampp\htdocs\codeigniter4-CodeIgniter4-proyecto-grupal\system\CodeIgniter.php(340): CodeIgniter\CodeIgniter->handleRequest(NULL, Object(Config\Cache), false)
#11 C:\xampp\htdocs\codeigniter4-CodeIgniter4-proyecto-grupal\public\index.php(67): CodeIgniter\CodeIgniter->run()
#12 {main}
ERROR - 2022-11-06 15:28:06 --> mysqli_sql_exception: Duplicate entry '1-2' for key 'id_producto' in C:\xampp\htdocs\codeigniter4-CodeIgniter4-proyecto-grupal\system\Database\MySQLi\Connection.php:292
Stack trace:
#0 C:\xampp\htdocs\codeigniter4-CodeIgniter4-proyecto-grupal\system\Database\MySQLi\Connection.php(292): mysqli->query('INSERT INTO `de...', 0)
#1 C:\xampp\htdocs\codeigniter4-CodeIgniter4-proyecto-grupal\system\Database\BaseConnection.php(693): CodeIgniter\Database\MySQLi\Connection->execute('INSERT INTO `de...')
#2 C:\xampp\htdocs\codeigniter4-CodeIgniter4-proyecto-grupal\system\Database\BaseConnection.php(620): CodeIgniter\Database\BaseConnection->simpleQuery('INSERT INTO `de...')
#3 C:\xampp\htdocs\codeigniter4-CodeIgniter4-proyecto-grupal\system\Database\BaseBuilder.php(1916): CodeIgniter\Database\BaseConnection->query('INSERT INTO `de...', Array, false)
#4 C:\xampp\htdocs\codeigniter4-CodeIgniter4-proyecto-grupal\system\Model.php(278): CodeIgniter\Database\BaseBuilder->insert()
#5 C:\xampp\htdocs\codeigniter4-CodeIgniter4-proyecto-grupal\system\BaseModel.php(738): CodeIgniter\Model->doInsert(Array)
#6 C:\xampp\htdocs\codeigniter4-CodeIgniter4-proyecto-grupal\system\Model.php(666): CodeIgniter\BaseModel->insert(Array, true)
#7 C:\xampp\htdocs\codeigniter4-CodeIgniter4-proyecto-grupal\app\Controllers\Detalle_Facturas.php(47): CodeIgniter\Model->insert(Array)
#8 C:\xampp\htdocs\codeigniter4-CodeIgniter4-proyecto-grupal\system\CodeIgniter.php(898): App\Controllers\Detalle_Facturas->agregar_detalle()
#9 C:\xampp\htdocs\codeigniter4-CodeIgniter4-proyecto-grupal\system\CodeIgniter.php(457): CodeIgniter\CodeIgniter->runController(Object(App\Controllers\Detalle_Facturas))
#10 C:\xampp\htdocs\codeigniter4-CodeIgniter4-proyecto-grupal\system\CodeIgniter.php(340): CodeIgniter\CodeIgniter->handleRequest(NULL, Object(Config\Cache), false)
#11 C:\xampp\htdocs\codeigniter4-CodeIgniter4-proyecto-grupal\public\index.php(67): CodeIgniter\CodeIgniter->run()
#12 {main}
ERROR - 2022-11-06 15:29:05 --> mysqli_sql_exception: Duplicate entry '3' for key 'PRIMARY' in C:\xampp\htdocs\codeigniter4-CodeIgniter4-proyecto-grupal\system\Database\MySQLi\Connection.php:292
Stack trace:
#0 C:\xampp\htdocs\codeigniter4-CodeIgniter4-proyecto-grupal\system\Database\MySQLi\Connection.php(292): mysqli->query('INSERT INTO `de...', 0)
#1 C:\xampp\htdocs\codeigniter4-CodeIgniter4-proyecto-grupal\system\Database\BaseConnection.php(693): CodeIgniter\Database\MySQLi\Connection->execute('INSERT INTO `de...')
#2 C:\xampp\htdocs\codeigniter4-CodeIgniter4-proyecto-grupal\system\Database\BaseConnection.php(620): CodeIgniter\Database\BaseConnection->simpleQuery('INSERT INTO `de...')
#3 C:\xampp\htdocs\codeigniter4-CodeIgniter4-proyecto-grupal\system\Database\BaseBuilder.php(1916): CodeIgniter\Database\BaseConnection->query('INSERT INTO `de...', Array, false)
#4 C:\xampp\htdocs\codeigniter4-CodeIgniter4-proyecto-grupal\system\Model.php(278): CodeIgniter\Database\BaseBuilder->insert()
#5 C:\xampp\htdocs\codeigniter4-CodeIgniter4-proyecto-grupal\system\BaseModel.php(738): CodeIgniter\Model->doInsert(Array)
#6 C:\xampp\htdocs\codeigniter4-CodeIgniter4-proyecto-grupal\system\Model.php(666): CodeIgniter\BaseModel->insert(Array, true)
#7 C:\xampp\htdocs\codeigniter4-CodeIgniter4-proyecto-grupal\app\Controllers\Detalle_Facturas.php(47): CodeIgniter\Model->insert(Array)
#8 C:\xampp\htdocs\codeigniter4-CodeIgniter4-proyecto-grupal\system\CodeIgniter.php(898): App\Controllers\Detalle_Facturas->agregar_detalle()
#9 C:\xampp\htdocs\codeigniter4-CodeIgniter4-proyecto-grupal\system\CodeIgniter.php(457): CodeIgniter\CodeIgniter->runController(Object(App\Controllers\Detalle_Facturas))
#10 C:\xampp\htdocs\codeigniter4-CodeIgniter4-proyecto-grupal\system\CodeIgniter.php(340): CodeIgniter\CodeIgniter->handleRequest(NULL, Object(Config\Cache), false)
#11 C:\xampp\htdocs\codeigniter4-CodeIgniter4-proyecto-grupal\public\index.php(67): CodeIgniter\CodeIgniter->run()
#12 {main}
